nohup: ignoring input
[?1034hGluGluToContinToZZTo4e_13TeV_MCFM701_pythia8 nevents 604840.0 sumw 604840.0
GluGluToContinToZZTo4mu_13TeV_MCFM701_pythia8 nevents 662635.0 sumw 662635.0
GluGluToContinToZZTo2e2mu_13TeV_MCFM701_pythia8 nevents 1480800.0 sumw 1480800.0
ZZTo4L_13TeV_powheg_pythia8 nevents 6175524.0 sumw 6113358.0
data_13TeV_2017_duplicated_removed nevents 0.0 sumw 0.0
observables are =================== ['pt_leadingjet_pt30_eta2p5']
===================================================
results for observable==== pt_leadingjet_pt30_eta2p5 and channel===== 4mu  +++++++++++++++++++++++++++++++++++++++++ 

==========================================
4mu pt_leadingjet_pt30_eta2p5 -2.0 - 13000.0 GeV
EventCat== -1
GluGluToContinToZZTo4e_13TeV_MCFM701_pythia8
ggZZ weight is=================== (genWeight*crossSection*dataMCWeight*pileupWeight*41370.0/604840.0)*(k_ggZZ)
GluGluToContinToZZTo4e_13TeV_MCFM701_pythia8 ======== 0.0
GluGluToContinToZZTo4mu_13TeV_MCFM701_pythia8
ggZZ weight is=================== (genWeight*crossSection*dataMCWeight*pileupWeight*41370.0/662635.0)*(k_ggZZ)
GluGluToContinToZZTo4mu_13TeV_MCFM701_pythia8 ======== 2.84288881672
GluGluToContinToZZTo2e2mu_13TeV_MCFM701_pythia8
ggZZ weight is=================== (genWeight*crossSection*dataMCWeight*pileupWeight*41370.0/1480800.0)*(k_ggZZ)
GluGluToContinToZZTo2e2mu_13TeV_MCFM701_pythia8 ======== 0.0
ZZTo4L_13TeV_powheg_pythia8
ZZTo4L_13TeV_powheg_pythia8 ======== 26.1754340184
data_13TeV_2017_duplicated_removed
data_13TeV_2017_duplicated_removed ======== 85.0

ZZ Bkg:   29.0183228351
ggZZ Bkg:   2.84288881672
qqZZ Bkg:   26.1754340184
Red Bkg:   34.3999999287
Data  :   85.0

Info in <TCanvas::Print>: pdf file Histo_pt_leadingjet_pt30_eta2p5_-2pt0to13000pt0_4mu_mh125_41pt4fb.pdf has been created
Info in <TCanvas::Print>: file Histo_pt_leadingjet_pt30_eta2p5_-2pt0to13000pt0_4mu_mh125_41pt4fb.png has been created
==========================================

results for observable==== pt_leadingjet_pt30_eta2p5 and channel===== 4e  +++++++++++++++++++++++++++++++++++++++++ 

==========================================
4e pt_leadingjet_pt30_eta2p5 -2.0 - 13000.0 GeV
EventCat== -1
TFile::Append:0: RuntimeWarning: Replacing existing TH1: qqzz (Potential memory leak).
TFile::Append:0: RuntimeWarning: Replacing existing TH1: ggzz (Potential memory leak).
TFile::Append:0: RuntimeWarning: Replacing existing TH1: sig (Potential memory leak).
GluGluToContinToZZTo4e_13TeV_MCFM701_pythia8
ggZZ weight is=================== (genWeight*crossSection*dataMCWeight*pileupWeight*41370.0/604840.0)*(k_ggZZ)
GluGluToContinToZZTo4e_13TeV_MCFM701_pythia8 ======== 1.14474507112
GluGluToContinToZZTo4mu_13TeV_MCFM701_pythia8
ggZZ weight is=================== (genWeight*crossSection*dataMCWeight*pileupWeight*41370.0/662635.0)*(k_ggZZ)
GluGluToContinToZZTo4mu_13TeV_MCFM701_pythia8 ======== 0.0
GluGluToContinToZZTo2e2mu_13TeV_MCFM701_pythia8
ggZZ weight is=================== (genWeight*crossSection*dataMCWeight*pileupWeight*41370.0/1480800.0)*(k_ggZZ)
GluGluToContinToZZTo2e2mu_13TeV_MCFM701_pythia8 ======== 0.0
ZZTo4L_13TeV_powheg_pythia8
ZZTo4L_13TeV_powheg_pythia8 ======== 10.0147515778
data_13TeV_2017_duplicated_removed
data_13TeV_2017_duplicated_removed ======== 26.0

ZZ Bkg:   11.1594966489
ggZZ Bkg:   1.14474507112
qqZZ Bkg:   10.0147515778
Red Bkg:   21.0999999832
Data  :   26.0

Info in <TCanvas::Print>: pdf file Histo_pt_leadingjet_pt30_eta2p5_-2pt0to13000pt0_4e_mh125_41pt4fb.pdf has been created
Info in <TCanvas::Print>: file Histo_pt_leadingjet_pt30_eta2p5_-2pt0to13000pt0_4e_mh125_41pt4fb.png has been created
==========================================

results for observable==== pt_leadingjet_pt30_eta2p5 and channel===== 2e2mu  +++++++++++++++++++++++++++++++++++++++++ 

==========================================
2e2mu pt_leadingjet_pt30_eta2p5 -2.0 - 13000.0 GeV
EventCat== -1
TFile::Append:0: RuntimeWarning: Replacing existing TH1: qqzz (Potential memory leak).
TFile::Append:0: RuntimeWarning: Replacing existing TH1: ggzz (Potential memory leak).
TFile::Append:0: RuntimeWarning: Replacing existing TH1: sig (Potential memory leak).
GluGluToContinToZZTo4e_13TeV_MCFM701_pythia8
ggZZ weight is=================== (genWeight*crossSection*dataMCWeight*pileupWeight*41370.0/604840.0)*(k_ggZZ)
GluGluToContinToZZTo4e_13TeV_MCFM701_pythia8 ======== 0.0
GluGluToContinToZZTo4mu_13TeV_MCFM701_pythia8
ggZZ weight is=================== (genWeight*crossSection*dataMCWeight*pileupWeight*41370.0/662635.0)*(k_ggZZ)
GluGluToContinToZZTo4mu_13TeV_MCFM701_pythia8 ======== 0.0
GluGluToContinToZZTo2e2mu_13TeV_MCFM701_pythia8
ggZZ weight is=================== (genWeight*crossSection*dataMCWeight*pileupWeight*41370.0/1480800.0)*(k_ggZZ)
GluGluToContinToZZTo2e2mu_13TeV_MCFM701_pythia8 ======== 1.9363637124
ZZTo4L_13TeV_powheg_pythia8
ZZTo4L_13TeV_powheg_pythia8 ======== 30.209689604
data_13TeV_2017_duplicated_removed
data_13TeV_2017_duplicated_removed ======== 86.0

ZZ Bkg:   32.1460533164
ggZZ Bkg:   1.9363637124
qqZZ Bkg:   30.209689604
Red Bkg:   59.8999998692
Data  :   86.0

Info in <TCanvas::Print>: pdf file Histo_pt_leadingjet_pt30_eta2p5_-2pt0to13000pt0_2e2mu_mh125_41pt4fb.pdf has been created
Info in <TCanvas::Print>: file Histo_pt_leadingjet_pt30_eta2p5_-2pt0to13000pt0_2e2mu_mh125_41pt4fb.png has been created
==========================================

results for observable==== pt_leadingjet_pt30_eta2p5 and channel===== 4l  +++++++++++++++++++++++++++++++++++++++++ 

==========================================
4l pt_leadingjet_pt30_eta2p5 -2.0 - 13000.0 GeV
EventCat== -1
TFile::Append:0: RuntimeWarning: Replacing existing TH1: qqzz (Potential memory leak).
TFile::Append:0: RuntimeWarning: Replacing existing TH1: ggzz (Potential memory leak).
TFile::Append:0: RuntimeWarning: Replacing existing TH1: sig (Potential memory leak).
GluGluToContinToZZTo4e_13TeV_MCFM701_pythia8
ggZZ weight is=================== (genWeight*crossSection*dataMCWeight*pileupWeight*41370.0/604840.0)*(k_ggZZ)
GluGluToContinToZZTo4e_13TeV_MCFM701_pythia8 ======== 1.14474507112
GluGluToContinToZZTo4mu_13TeV_MCFM701_pythia8
ggZZ weight is=================== (genWeight*crossSection*dataMCWeight*pileupWeight*41370.0/662635.0)*(k_ggZZ)
GluGluToContinToZZTo4mu_13TeV_MCFM701_pythia8 ======== 2.84288881672
GluGluToContinToZZTo2e2mu_13TeV_MCFM701_pythia8
ggZZ weight is=================== (genWeight*crossSection*dataMCWeight*pileupWeight*41370.0/1480800.0)*(k_ggZZ)
GluGluToContinToZZTo2e2mu_13TeV_MCFM701_pythia8 ======== 1.9363637124
ZZTo4L_13TeV_powheg_pythia8
ZZTo4L_13TeV_powheg_pythia8 ======== 66.3998752002
data_13TeV_2017_duplicated_removed
data_13TeV_2017_duplicated_removed ======== 197.0

ZZ Bkg:   72.3238728004
ggZZ Bkg:   5.92399760025
qqZZ Bkg:   66.3998752002
Red Bkg:   115.400000281
Data  :   197.0

Info in <TCanvas::Print>: pdf file Histo_pt_leadingjet_pt30_eta2p5_-2pt0to13000pt0_4l_mh125_41pt4fb.pdf has been created
Info in <TCanvas::Print>: file Histo_pt_leadingjet_pt30_eta2p5_-2pt0to13000pt0_4l_mh125_41pt4fb.png has been created
==========================================

===========================================================================================
all observables and channels compiled
