nohup: ignoring input
[?1034hTClass::Init:0: RuntimeWarning: no dictionary for class ROOT::TIOFeatures is available
GluGluToContinToZZTo4e_13TeV_MCFM701_pythia8 nevents 977200.0 sumw 977200.0
GluGluToContinToZZTo4mu_13TeV_MCFM701_pythia8 nevents 926000.0 sumw 926000.0
GluGluToContinToZZTo2e2mu_13TeV_MCFM701_pythia8 nevents 470000.0 sumw 470000.0
ZZTo4L_TuneCP5_13TeV_powheg_pythia8 nevents 2203600.0 sumw 2181320.0
data_13TeV_2017_duplicated_removed nevents 0.0 sumw 0.0
results for observable==== mass4l and channel===== 4mu  +++++++++++++++++++++++++++++++++++++++++ 

==========================================
4mu mass4l 105 - 140 GeV
EventCat== -1
GluGluToContinToZZTo4e_13TeV_MCFM701_pythia8
ggZZ weight is=================== (genWeight*crossSection*dataMCWeight*pileupWeight*41370.0/977200.0)*(k_ggZZ)
GluGluToContinToZZTo4e_13TeV_MCFM701_pythia8 ======== 0.0
GluGluToContinToZZTo4mu_13TeV_MCFM701_pythia8
ggZZ weight is=================== (genWeight*crossSection*dataMCWeight*pileupWeight*41370.0/926000.0)*(k_ggZZ)
GluGluToContinToZZTo4mu_13TeV_MCFM701_pythia8 ======== 2.96950690697
GluGluToContinToZZTo2e2mu_13TeV_MCFM701_pythia8
ggZZ weight is=================== (genWeight*crossSection*dataMCWeight*pileupWeight*41370.0/470000.0)*(k_ggZZ)
GluGluToContinToZZTo2e2mu_13TeV_MCFM701_pythia8 ======== 0.0
ZZTo4L_13TeV_powheg_pythia8
data_13TeV_2017_duplicated_removed
data_13TeV_2017_duplicated_removed ======== 85.0
