nohup: ignoring input
[?1034hTClass::Init:0: RuntimeWarning: no dictionary for class ROOT::TIOFeatures is available
GluGluToContinToZZTo4e_13TeV_MCFM701_pythia8 nevents 977200.0 sumw 977200.0
GluGluToContinToZZTo4mu_13TeV_MCFM701_pythia8 nevents 926000.0 sumw 926000.0
GluGluToContinToZZTo2e2mu_13TeV_MCFM701_pythia8 nevents 470000.0 sumw 470000.0
ZZTo4L_TuneCP5_13TeV_powheg_pythia8 nevents 2203600.0 sumw 2181320.0
data_13TeV_2017_duplicated_removed nevents 0.0 sumw 0.0
observables are =================== ['rapidity4l', 'njets_pt30_eta4p7', 'pt_leadingjet_pt30_eta4p7']
===================================================
results for observable==== rapidity4l and channel===== 4mu  +++++++++++++++++++++++++++++++++++++++++ 

==========================================
4mu rapidity4l 0 - 2.5 GeV
EventCat== -1
GluGluToContinToZZTo4e_13TeV_MCFM701_pythia8
ggZZ weight is=================== (genWeight*crossSection*dataMCWeight*pileupWeight*58800.0/977200.0)*(k_ggZZ)
GluGluToContinToZZTo4e_13TeV_MCFM701_pythia8 ======== 0.0
GluGluToContinToZZTo4mu_13TeV_MCFM701_pythia8
ggZZ weight is=================== (genWeight*crossSection*dataMCWeight*pileupWeight*58800.0/926000.0)*(k_ggZZ)
GluGluToContinToZZTo4mu_13TeV_MCFM701_pythia8 ======== 2.12169222525
GluGluToContinToZZTo2e2mu_13TeV_MCFM701_pythia8
ggZZ weight is=================== (genWeight*crossSection*dataMCWeight*pileupWeight*58800.0/470000.0)*(k_ggZZ)
GluGluToContinToZZTo2e2mu_13TeV_MCFM701_pythia8 ======== 0.0
ZZTo4L_TuneCP5_13TeV_powheg_pythia8
ZZTo4L_TuneCP5_13TeV_powheg_pythia8 ======== 21.4909747746
data_13TeV_2017_duplicated_removed
data_13TeV_2017_duplicated_removed ======== 39.0
Error in <TH1D::FillRandom>: Integral = zero

ZZ Bkg:   23.6126669998
ggZZ Bkg:   2.12169222525
qqZZ Bkg:   21.4909747746
Red Bkg:   0.0
Data  :   39.0

Info in <TCanvas::Print>: pdf file Histo_rapidity4l_0to2pt5_4mu_mh125_58pt8fb.pdf has been created
Info in <TCanvas::Print>: file Histo_rapidity4l_0to2pt5_4mu_mh125_58pt8fb.png has been created
==========================================

results for observable==== rapidity4l and channel===== 4e  +++++++++++++++++++++++++++++++++++++++++ 

==========================================
4e rapidity4l 0 - 2.5 GeV
EventCat== -1
TFile::Append:0: RuntimeWarning: Replacing existing TH1: qqzz (Potential memory leak).
TFile::Append:0: RuntimeWarning: Replacing existing TH1: ggzz (Potential memory leak).
TFile::Append:0: RuntimeWarning: Replacing existing TH1: sig (Potential memory leak).
GluGluToContinToZZTo4e_13TeV_MCFM701_pythia8
ggZZ weight is=================== (genWeight*crossSection*dataMCWeight*pileupWeight*58800.0/977200.0)*(k_ggZZ)
GluGluToContinToZZTo4e_13TeV_MCFM701_pythia8 ======== 0.796369492581
GluGluToContinToZZTo4mu_13TeV_MCFM701_pythia8
ggZZ weight is=================== (genWeight*crossSection*dataMCWeight*pileupWeight*58800.0/926000.0)*(k_ggZZ)
GluGluToContinToZZTo4mu_13TeV_MCFM701_pythia8 ======== 0.0
GluGluToContinToZZTo2e2mu_13TeV_MCFM701_pythia8
ggZZ weight is=================== (genWeight*crossSection*dataMCWeight*pileupWeight*58800.0/470000.0)*(k_ggZZ)
GluGluToContinToZZTo2e2mu_13TeV_MCFM701_pythia8 ======== 0.0
ZZTo4L_TuneCP5_13TeV_powheg_pythia8
ZZTo4L_TuneCP5_13TeV_powheg_pythia8 ======== 6.42794123753
data_13TeV_2017_duplicated_removed
data_13TeV_2017_duplicated_removed ======== 15.0

ZZ Bkg:   7.22431073012
ggZZ Bkg:   0.796369492581
qqZZ Bkg:   6.42794123753
Red Bkg:   0.0
Data  :   15.0

Info in <TCanvas::Print>: pdf file Histo_rapidity4l_0to2pt5_4e_mh125_58pt8fb.pdf has been created
Info in <TCanvas::Print>: file Histo_rapidity4l_0to2pt5_4e_mh125_58pt8fb.png has been created
==========================================

results for observable==== rapidity4l and channel===== 2e2mu  +++++++++++++++++++++++++++++++++++++++++ 

==========================================
2e2mu rapidity4l 0 - 2.5 GeV
EventCat== -1
TFile::Append:0: RuntimeWarning: Replacing existing TH1: qqzz (Potential memory leak).
TFile::Append:0: RuntimeWarning: Replacing existing TH1: ggzz (Potential memory leak).
TFile::Append:0: RuntimeWarning: Replacing existing TH1: sig (Potential memory leak).
GluGluToContinToZZTo4e_13TeV_MCFM701_pythia8
ggZZ weight is=================== (genWeight*crossSection*dataMCWeight*pileupWeight*58800.0/977200.0)*(k_ggZZ)
GluGluToContinToZZTo4e_13TeV_MCFM701_pythia8 ======== 0.0
GluGluToContinToZZTo4mu_13TeV_MCFM701_pythia8
ggZZ weight is=================== (genWeight*crossSection*dataMCWeight*pileupWeight*58800.0/926000.0)*(k_ggZZ)
GluGluToContinToZZTo4mu_13TeV_MCFM701_pythia8 ======== 0.0
GluGluToContinToZZTo2e2mu_13TeV_MCFM701_pythia8
ggZZ weight is=================== (genWeight*crossSection*dataMCWeight*pileupWeight*58800.0/470000.0)*(k_ggZZ)
GluGluToContinToZZTo2e2mu_13TeV_MCFM701_pythia8 ======== 1.40479761639
ZZTo4L_TuneCP5_13TeV_powheg_pythia8
ZZTo4L_TuneCP5_13TeV_powheg_pythia8 ======== 21.5006474722
data_13TeV_2017_duplicated_removed
data_13TeV_2017_duplicated_removed ======== 53.0

ZZ Bkg:   22.9054450886
ggZZ Bkg:   1.40479761639
qqZZ Bkg:   21.5006474722
Red Bkg:   0.0
Data  :   53.0

Info in <TCanvas::Print>: pdf file Histo_rapidity4l_0to2pt5_2e2mu_mh125_58pt8fb.pdf has been created
Info in <TCanvas::Print>: file Histo_rapidity4l_0to2pt5_2e2mu_mh125_58pt8fb.png has been created
==========================================

results for observable==== rapidity4l and channel===== 4l  +++++++++++++++++++++++++++++++++++++++++ 

==========================================
4l rapidity4l 0 - 2.5 GeV
EventCat== -1
TFile::Append:0: RuntimeWarning: Replacing existing TH1: qqzz (Potential memory leak).
TFile::Append:0: RuntimeWarning: Replacing existing TH1: ggzz (Potential memory leak).
TFile::Append:0: RuntimeWarning: Replacing existing TH1: sig (Potential memory leak).
GluGluToContinToZZTo4e_13TeV_MCFM701_pythia8
ggZZ weight is=================== (genWeight*crossSection*dataMCWeight*pileupWeight*58800.0/977200.0)*(k_ggZZ)
GluGluToContinToZZTo4e_13TeV_MCFM701_pythia8 ======== 0.796369492581
GluGluToContinToZZTo4mu_13TeV_MCFM701_pythia8
ggZZ weight is=================== (genWeight*crossSection*dataMCWeight*pileupWeight*58800.0/926000.0)*(k_ggZZ)
GluGluToContinToZZTo4mu_13TeV_MCFM701_pythia8 ======== 2.12169222525
GluGluToContinToZZTo2e2mu_13TeV_MCFM701_pythia8
ggZZ weight is=================== (genWeight*crossSection*dataMCWeight*pileupWeight*58800.0/470000.0)*(k_ggZZ)
GluGluToContinToZZTo2e2mu_13TeV_MCFM701_pythia8 ======== 1.40479761639
ZZTo4L_TuneCP5_13TeV_powheg_pythia8
ZZTo4L_TuneCP5_13TeV_powheg_pythia8 ======== 49.4195634844
data_13TeV_2017_duplicated_removed
data_13TeV_2017_duplicated_removed ======== 107.0

ZZ Bkg:   53.7424228186
ggZZ Bkg:   4.32285933422
qqZZ Bkg:   49.4195634844
Red Bkg:   0.0
Data  :   107.0

Info in <TCanvas::Print>: pdf file Histo_rapidity4l_0to2pt5_4l_mh125_58pt8fb.pdf has been created
Info in <TCanvas::Print>: file Histo_rapidity4l_0to2pt5_4l_mh125_58pt8fb.png has been created
==========================================

results for observable==== njets_pt30_eta4p7 and channel===== 4mu  +++++++++++++++++++++++++++++++++++++++++ 

==========================================
4mu njets_pt30_eta4p7 0.0 - 10.0 GeV
EventCat== -1
TFile::Append:0: RuntimeWarning: Replacing existing TH1: qqzz (Potential memory leak).
TFile::Append:0: RuntimeWarning: Replacing existing TH1: ggzz (Potential memory leak).
TFile::Append:0: RuntimeWarning: Replacing existing TH1: sig (Potential memory leak).
GluGluToContinToZZTo4e_13TeV_MCFM701_pythia8
ggZZ weight is=================== (genWeight*crossSection*dataMCWeight*pileupWeight*58800.0/977200.0)*(k_ggZZ)
GluGluToContinToZZTo4e_13TeV_MCFM701_pythia8 ======== 0.0
GluGluToContinToZZTo4mu_13TeV_MCFM701_pythia8
ggZZ weight is=================== (genWeight*crossSection*dataMCWeight*pileupWeight*58800.0/926000.0)*(k_ggZZ)
GluGluToContinToZZTo4mu_13TeV_MCFM701_pythia8 ======== 4.22061895407
GluGluToContinToZZTo2e2mu_13TeV_MCFM701_pythia8
ggZZ weight is=================== (genWeight*crossSection*dataMCWeight*pileupWeight*58800.0/470000.0)*(k_ggZZ)
GluGluToContinToZZTo2e2mu_13TeV_MCFM701_pythia8 ======== 0.0
ZZTo4L_TuneCP5_13TeV_powheg_pythia8
ZZTo4L_TuneCP5_13TeV_powheg_pythia8 ======== 41.2979029654
data_13TeV_2017_duplicated_removed
data_13TeV_2017_duplicated_removed ======== 85.0
Error in <TH1D::FillRandom>: Integral = zero

ZZ Bkg:   45.5185219194
ggZZ Bkg:   4.22061895407
qqZZ Bkg:   41.2979029654
Red Bkg:   0.0
Data  :   85.0

Info in <TCanvas::Print>: pdf file Histo_njets_pt30_eta4p7_0pt0to10pt0_4mu_mh125_58pt8fb.pdf has been created
Info in <TCanvas::Print>: file Histo_njets_pt30_eta4p7_0pt0to10pt0_4mu_mh125_58pt8fb.png has been created
==========================================

results for observable==== njets_pt30_eta4p7 and channel===== 4e  +++++++++++++++++++++++++++++++++++++++++ 

==========================================
4e njets_pt30_eta4p7 0.0 - 10.0 GeV
EventCat== -1
TFile::Append:0: RuntimeWarning: Replacing existing TH1: qqzz (Potential memory leak).
TFile::Append:0: RuntimeWarning: Replacing existing TH1: ggzz (Potential memory leak).
TFile::Append:0: RuntimeWarning: Replacing existing TH1: sig (Potential memory leak).
GluGluToContinToZZTo4e_13TeV_MCFM701_pythia8
ggZZ weight is=================== (genWeight*crossSection*dataMCWeight*pileupWeight*58800.0/977200.0)*(k_ggZZ)
GluGluToContinToZZTo4e_13TeV_MCFM701_pythia8 ======== 1.61189232056
GluGluToContinToZZTo4mu_13TeV_MCFM701_pythia8
ggZZ weight is=================== (genWeight*crossSection*dataMCWeight*pileupWeight*58800.0/926000.0)*(k_ggZZ)
GluGluToContinToZZTo4mu_13TeV_MCFM701_pythia8 ======== 0.0
GluGluToContinToZZTo2e2mu_13TeV_MCFM701_pythia8
ggZZ weight is=================== (genWeight*crossSection*dataMCWeight*pileupWeight*58800.0/470000.0)*(k_ggZZ)
GluGluToContinToZZTo2e2mu_13TeV_MCFM701_pythia8 ======== 0.0
ZZTo4L_TuneCP5_13TeV_powheg_pythia8
ZZTo4L_TuneCP5_13TeV_powheg_pythia8 ======== 13.2411972835
data_13TeV_2017_duplicated_removed
data_13TeV_2017_duplicated_removed ======== 26.0

ZZ Bkg:   14.853089604
ggZZ Bkg:   1.61189232056
qqZZ Bkg:   13.2411972835
Red Bkg:   0.0
Data  :   26.0

Info in <TCanvas::Print>: pdf file Histo_njets_pt30_eta4p7_0pt0to10pt0_4e_mh125_58pt8fb.pdf has been created
Info in <TCanvas::Print>: file Histo_njets_pt30_eta4p7_0pt0to10pt0_4e_mh125_58pt8fb.png has been created
==========================================

results for observable==== njets_pt30_eta4p7 and channel===== 2e2mu  +++++++++++++++++++++++++++++++++++++++++ 

==========================================
2e2mu njets_pt30_eta4p7 0.0 - 10.0 GeV
EventCat== -1
TFile::Append:0: RuntimeWarning: Replacing existing TH1: qqzz (Potential memory leak).
TFile::Append:0: RuntimeWarning: Replacing existing TH1: ggzz (Potential memory leak).
TFile::Append:0: RuntimeWarning: Replacing existing TH1: sig (Potential memory leak).
GluGluToContinToZZTo4e_13TeV_MCFM701_pythia8
ggZZ weight is=================== (genWeight*crossSection*dataMCWeight*pileupWeight*58800.0/977200.0)*(k_ggZZ)
GluGluToContinToZZTo4e_13TeV_MCFM701_pythia8 ======== 0.0
GluGluToContinToZZTo4mu_13TeV_MCFM701_pythia8
ggZZ weight is=================== (genWeight*crossSection*dataMCWeight*pileupWeight*58800.0/926000.0)*(k_ggZZ)
GluGluToContinToZZTo4mu_13TeV_MCFM701_pythia8 ======== 0.0
GluGluToContinToZZTo2e2mu_13TeV_MCFM701_pythia8
ggZZ weight is=================== (genWeight*crossSection*dataMCWeight*pileupWeight*58800.0/470000.0)*(k_ggZZ)
GluGluToContinToZZTo2e2mu_13TeV_MCFM701_pythia8 ======== 2.81135774988
ZZTo4L_TuneCP5_13TeV_powheg_pythia8
ZZTo4L_TuneCP5_13TeV_powheg_pythia8 ======== 45.0104364881
data_13TeV_2017_duplicated_removed
data_13TeV_2017_duplicated_removed ======== 86.0

ZZ Bkg:   47.821794238
ggZZ Bkg:   2.81135774988
qqZZ Bkg:   45.0104364881
Red Bkg:   0.0
Data  :   86.0

Info in <TCanvas::Print>: pdf file Histo_njets_pt30_eta4p7_0pt0to10pt0_2e2mu_mh125_58pt8fb.pdf has been created
Info in <TCanvas::Print>: file Histo_njets_pt30_eta4p7_0pt0to10pt0_2e2mu_mh125_58pt8fb.png has been created
==========================================

results for observable==== njets_pt30_eta4p7 and channel===== 4l  +++++++++++++++++++++++++++++++++++++++++ 

==========================================
4l njets_pt30_eta4p7 0.0 - 10.0 GeV
EventCat== -1
TFile::Append:0: RuntimeWarning: Replacing existing TH1: qqzz (Potential memory leak).
TFile::Append:0: RuntimeWarning: Replacing existing TH1: ggzz (Potential memory leak).
TFile::Append:0: RuntimeWarning: Replacing existing TH1: sig (Potential memory leak).
GluGluToContinToZZTo4e_13TeV_MCFM701_pythia8
ggZZ weight is=================== (genWeight*crossSection*dataMCWeight*pileupWeight*58800.0/977200.0)*(k_ggZZ)
GluGluToContinToZZTo4e_13TeV_MCFM701_pythia8 ======== 1.61189232056
GluGluToContinToZZTo4mu_13TeV_MCFM701_pythia8
ggZZ weight is=================== (genWeight*crossSection*dataMCWeight*pileupWeight*58800.0/926000.0)*(k_ggZZ)
GluGluToContinToZZTo4mu_13TeV_MCFM701_pythia8 ======== 4.22061895407
GluGluToContinToZZTo2e2mu_13TeV_MCFM701_pythia8
ggZZ weight is=================== (genWeight*crossSection*dataMCWeight*pileupWeight*58800.0/470000.0)*(k_ggZZ)
GluGluToContinToZZTo2e2mu_13TeV_MCFM701_pythia8 ======== 2.81135774988
ZZTo4L_TuneCP5_13TeV_powheg_pythia8
ZZTo4L_TuneCP5_13TeV_powheg_pythia8 ======== 99.5495367369
data_13TeV_2017_duplicated_removed
data_13TeV_2017_duplicated_removed ======== 197.0

ZZ Bkg:   108.193405761
ggZZ Bkg:   8.64386902452
qqZZ Bkg:   99.5495367369
Red Bkg:   0.0
Data  :   197.0

Info in <TCanvas::Print>: pdf file Histo_njets_pt30_eta4p7_0pt0to10pt0_4l_mh125_58pt8fb.pdf has been created
Info in <TCanvas::Print>: file Histo_njets_pt30_eta4p7_0pt0to10pt0_4l_mh125_58pt8fb.png has been created
==========================================

results for observable==== pt_leadingjet_pt30_eta4p7 and channel===== 4mu  +++++++++++++++++++++++++++++++++++++++++ 

==========================================
4mu pt_leadingjet_pt30_eta4p7 -2.0 - 13000.0 GeV
EventCat== -1
TFile::Append:0: RuntimeWarning: Replacing existing TH1: qqzz (Potential memory leak).
TFile::Append:0: RuntimeWarning: Replacing existing TH1: ggzz (Potential memory leak).
TFile::Append:0: RuntimeWarning: Replacing existing TH1: sig (Potential memory leak).
GluGluToContinToZZTo4e_13TeV_MCFM701_pythia8
ggZZ weight is=================== (genWeight*crossSection*dataMCWeight*pileupWeight*58800.0/977200.0)*(k_ggZZ)
GluGluToContinToZZTo4e_13TeV_MCFM701_pythia8 ======== 0.0
GluGluToContinToZZTo4mu_13TeV_MCFM701_pythia8
ggZZ weight is=================== (genWeight*crossSection*dataMCWeight*pileupWeight*58800.0/926000.0)*(k_ggZZ)
GluGluToContinToZZTo4mu_13TeV_MCFM701_pythia8 ======== 4.22061895407
GluGluToContinToZZTo2e2mu_13TeV_MCFM701_pythia8
ggZZ weight is=================== (genWeight*crossSection*dataMCWeight*pileupWeight*58800.0/470000.0)*(k_ggZZ)
GluGluToContinToZZTo2e2mu_13TeV_MCFM701_pythia8 ======== 0.0
ZZTo4L_TuneCP5_13TeV_powheg_pythia8
ZZTo4L_TuneCP5_13TeV_powheg_pythia8 ======== 41.2979029654
data_13TeV_2017_duplicated_removed
data_13TeV_2017_duplicated_removed ======== 85.0

ZZ Bkg:   45.5185219194
ggZZ Bkg:   4.22061895407
qqZZ Bkg:   41.2979029654
Red Bkg:   34.4000000592
Data  :   85.0

Info in <TCanvas::Print>: pdf file Histo_pt_leadingjet_pt30_eta4p7_-2pt0to13000pt0_4mu_mh125_58pt8fb.pdf has been created
Info in <TCanvas::Print>: file Histo_pt_leadingjet_pt30_eta4p7_-2pt0to13000pt0_4mu_mh125_58pt8fb.png has been created
==========================================

results for observable==== pt_leadingjet_pt30_eta4p7 and channel===== 4e  +++++++++++++++++++++++++++++++++++++++++ 

==========================================
4e pt_leadingjet_pt30_eta4p7 -2.0 - 13000.0 GeV
EventCat== -1
TFile::Append:0: RuntimeWarning: Replacing existing TH1: qqzz (Potential memory leak).
TFile::Append:0: RuntimeWarning: Replacing existing TH1: ggzz (Potential memory leak).
TFile::Append:0: RuntimeWarning: Replacing existing TH1: sig (Potential memory leak).
GluGluToContinToZZTo4e_13TeV_MCFM701_pythia8
ggZZ weight is=================== (genWeight*crossSection*dataMCWeight*pileupWeight*58800.0/977200.0)*(k_ggZZ)
GluGluToContinToZZTo4e_13TeV_MCFM701_pythia8 ======== 1.61189232056
GluGluToContinToZZTo4mu_13TeV_MCFM701_pythia8
ggZZ weight is=================== (genWeight*crossSection*dataMCWeight*pileupWeight*58800.0/926000.0)*(k_ggZZ)
GluGluToContinToZZTo4mu_13TeV_MCFM701_pythia8 ======== 0.0
GluGluToContinToZZTo2e2mu_13TeV_MCFM701_pythia8
ggZZ weight is=================== (genWeight*crossSection*dataMCWeight*pileupWeight*58800.0/470000.0)*(k_ggZZ)
GluGluToContinToZZTo2e2mu_13TeV_MCFM701_pythia8 ======== 0.0
ZZTo4L_TuneCP5_13TeV_powheg_pythia8
ZZTo4L_TuneCP5_13TeV_powheg_pythia8 ======== 13.2411972835
data_13TeV_2017_duplicated_removed
data_13TeV_2017_duplicated_removed ======== 26.0

ZZ Bkg:   14.853089604
ggZZ Bkg:   1.61189232056
qqZZ Bkg:   13.2411972835
Red Bkg:   21.1000000442
Data  :   26.0

Info in <TCanvas::Print>: pdf file Histo_pt_leadingjet_pt30_eta4p7_-2pt0to13000pt0_4e_mh125_58pt8fb.pdf has been created
Info in <TCanvas::Print>: file Histo_pt_leadingjet_pt30_eta4p7_-2pt0to13000pt0_4e_mh125_58pt8fb.png has been created
==========================================

results for observable==== pt_leadingjet_pt30_eta4p7 and channel===== 2e2mu  +++++++++++++++++++++++++++++++++++++++++ 

==========================================
2e2mu pt_leadingjet_pt30_eta4p7 -2.0 - 13000.0 GeV
EventCat== -1
TFile::Append:0: RuntimeWarning: Replacing existing TH1: qqzz (Potential memory leak).
TFile::Append:0: RuntimeWarning: Replacing existing TH1: ggzz (Potential memory leak).
TFile::Append:0: RuntimeWarning: Replacing existing TH1: sig (Potential memory leak).
GluGluToContinToZZTo4e_13TeV_MCFM701_pythia8
ggZZ weight is=================== (genWeight*crossSection*dataMCWeight*pileupWeight*58800.0/977200.0)*(k_ggZZ)
GluGluToContinToZZTo4e_13TeV_MCFM701_pythia8 ======== 0.0
GluGluToContinToZZTo4mu_13TeV_MCFM701_pythia8
ggZZ weight is=================== (genWeight*crossSection*dataMCWeight*pileupWeight*58800.0/926000.0)*(k_ggZZ)
GluGluToContinToZZTo4mu_13TeV_MCFM701_pythia8 ======== 0.0
GluGluToContinToZZTo2e2mu_13TeV_MCFM701_pythia8
ggZZ weight is=================== (genWeight*crossSection*dataMCWeight*pileupWeight*58800.0/470000.0)*(k_ggZZ)
GluGluToContinToZZTo2e2mu_13TeV_MCFM701_pythia8 ======== 2.81135774988
ZZTo4L_TuneCP5_13TeV_powheg_pythia8
ZZTo4L_TuneCP5_13TeV_powheg_pythia8 ======== 45.0104364881
data_13TeV_2017_duplicated_removed
data_13TeV_2017_duplicated_removed ======== 86.0

ZZ Bkg:   47.821794238
ggZZ Bkg:   2.81135774988
qqZZ Bkg:   45.0104364881
Red Bkg:   59.900000167
Data  :   86.0

Info in <TCanvas::Print>: pdf file Histo_pt_leadingjet_pt30_eta4p7_-2pt0to13000pt0_2e2mu_mh125_58pt8fb.pdf has been created
Info in <TCanvas::Print>: file Histo_pt_leadingjet_pt30_eta4p7_-2pt0to13000pt0_2e2mu_mh125_58pt8fb.png has been created
==========================================

results for observable==== pt_leadingjet_pt30_eta4p7 and channel===== 4l  +++++++++++++++++++++++++++++++++++++++++ 

==========================================
4l pt_leadingjet_pt30_eta4p7 -2.0 - 13000.0 GeV
EventCat== -1
TFile::Append:0: RuntimeWarning: Replacing existing TH1: qqzz (Potential memory leak).
TFile::Append:0: RuntimeWarning: Replacing existing TH1: ggzz (Potential memory leak).
TFile::Append:0: RuntimeWarning: Replacing existing TH1: sig (Potential memory leak).
GluGluToContinToZZTo4e_13TeV_MCFM701_pythia8
ggZZ weight is=================== (genWeight*crossSection*dataMCWeight*pileupWeight*58800.0/977200.0)*(k_ggZZ)
GluGluToContinToZZTo4e_13TeV_MCFM701_pythia8 ======== 1.61189232056
GluGluToContinToZZTo4mu_13TeV_MCFM701_pythia8
ggZZ weight is=================== (genWeight*crossSection*dataMCWeight*pileupWeight*58800.0/926000.0)*(k_ggZZ)
GluGluToContinToZZTo4mu_13TeV_MCFM701_pythia8 ======== 4.22061895407
GluGluToContinToZZTo2e2mu_13TeV_MCFM701_pythia8
ggZZ weight is=================== (genWeight*crossSection*dataMCWeight*pileupWeight*58800.0/470000.0)*(k_ggZZ)
GluGluToContinToZZTo2e2mu_13TeV_MCFM701_pythia8 ======== 2.81135774988
ZZTo4L_TuneCP5_13TeV_powheg_pythia8
ZZTo4L_TuneCP5_13TeV_powheg_pythia8 ======== 99.5495367369
data_13TeV_2017_duplicated_removed
data_13TeV_2017_duplicated_removed ======== 197.0

ZZ Bkg:   108.193405761
ggZZ Bkg:   8.64386902452
qqZZ Bkg:   99.5495367369
Red Bkg:   115.399999979
Data  :   197.0

Info in <TCanvas::Print>: pdf file Histo_pt_leadingjet_pt30_eta4p7_-2pt0to13000pt0_4l_mh125_58pt8fb.pdf has been created
Info in <TCanvas::Print>: file Histo_pt_leadingjet_pt30_eta4p7_-2pt0to13000pt0_4l_mh125_58pt8fb.png has been created
==========================================

===========================================================================================
all observables and channels compiled
