nohup: ignoring input
[?1034hTClass::Init:0: RuntimeWarning: no dictionary for class ROOT::TIOFeatures is available
GluGluToContinToZZTo4e_13TeV_MCFM701_pythia8 nevents 977200.0 sumw 977200.0
GluGluToContinToZZTo4mu_13TeV_MCFM701_pythia8 nevents 926000.0 sumw 926000.0
GluGluToContinToZZTo2e2mu_13TeV_MCFM701_pythia8 nevents 470000.0 sumw 470000.0
ZZTo4L_TuneCP5_13TeV_powheg_pythia8 nevents 2203600.0 sumw 2181320.0
data_13TeV_2017_duplicated_removed nevents 0.0 sumw 0.0
observables are =================== ['mass4l', 'pT4l', 'njets_pt30_eta2p5', 'pt_leadingjet_pt30_eta2p5']
===================================================
results for observable==== mass4l and channel===== 4mu  +++++++++++++++++++++++++++++++++++++++++ 

==========================================
4mu mass4l 105 - 140 GeV
EventCat== -1
GluGluToContinToZZTo4e_13TeV_MCFM701_pythia8
ggZZ weight is=================== (genWeight*crossSection*dataMCWeight*pileupWeight*58800.0/977200.0)*(k_ggZZ)
GluGluToContinToZZTo4e_13TeV_MCFM701_pythia8 ======== 0.0
GluGluToContinToZZTo4mu_13TeV_MCFM701_pythia8
ggZZ weight is=================== (genWeight*crossSection*dataMCWeight*pileupWeight*58800.0/926000.0)*(k_ggZZ)
GluGluToContinToZZTo4mu_13TeV_MCFM701_pythia8 ======== 4.22061895407
GluGluToContinToZZTo2e2mu_13TeV_MCFM701_pythia8
ggZZ weight is=================== (genWeight*crossSection*dataMCWeight*pileupWeight*58800.0/470000.0)*(k_ggZZ)
GluGluToContinToZZTo2e2mu_13TeV_MCFM701_pythia8 ======== 0.0
ZZTo4L_TuneCP5_13TeV_powheg_pythia8
ZZTo4L_TuneCP5_13TeV_powheg_pythia8 ======== 41.2979029654
data_13TeV_2017_duplicated_removed
data_13TeV_2017_duplicated_removed ======== 85.0

ZZ Bkg:   45.5185219194
ggZZ Bkg:   4.22061895407
qqZZ Bkg:   41.2979029654
Red Bkg:   12.8790159822
Data  :   85.0

Info in <TCanvas::Print>: pdf file Histo_mass4l_105to140_4mu_mh125_58pt8fb.pdf has been created
Info in <TCanvas::Print>: file Histo_mass4l_105to140_4mu_mh125_58pt8fb.png has been created
==========================================

results for observable==== mass4l and channel===== 4e  +++++++++++++++++++++++++++++++++++++++++ 

==========================================
4e mass4l 105 - 140 GeV
EventCat== -1
TFile::Append:0: RuntimeWarning: Replacing existing TH1: qqzz (Potential memory leak).
TFile::Append:0: RuntimeWarning: Replacing existing TH1: ggzz (Potential memory leak).
TFile::Append:0: RuntimeWarning: Replacing existing TH1: sig (Potential memory leak).
GluGluToContinToZZTo4e_13TeV_MCFM701_pythia8
ggZZ weight is=================== (genWeight*crossSection*dataMCWeight*pileupWeight*58800.0/977200.0)*(k_ggZZ)
GluGluToContinToZZTo4e_13TeV_MCFM701_pythia8 ======== 1.61189232056
GluGluToContinToZZTo4mu_13TeV_MCFM701_pythia8
ggZZ weight is=================== (genWeight*crossSection*dataMCWeight*pileupWeight*58800.0/926000.0)*(k_ggZZ)
GluGluToContinToZZTo4mu_13TeV_MCFM701_pythia8 ======== 0.0
GluGluToContinToZZTo2e2mu_13TeV_MCFM701_pythia8
ggZZ weight is=================== (genWeight*crossSection*dataMCWeight*pileupWeight*58800.0/470000.0)*(k_ggZZ)
GluGluToContinToZZTo2e2mu_13TeV_MCFM701_pythia8 ======== 0.0
ZZTo4L_TuneCP5_13TeV_powheg_pythia8
ZZTo4L_TuneCP5_13TeV_powheg_pythia8 ======== 13.2411972835
data_13TeV_2017_duplicated_removed
data_13TeV_2017_duplicated_removed ======== 26.0

ZZ Bkg:   14.853089604
ggZZ Bkg:   1.61189232056
qqZZ Bkg:   13.2411972835
Red Bkg:   5.4391579628
Data  :   26.0

Info in <TCanvas::Print>: pdf file Histo_mass4l_105to140_4e_mh125_58pt8fb.pdf has been created
Info in <TCanvas::Print>: file Histo_mass4l_105to140_4e_mh125_58pt8fb.png has been created
==========================================

results for observable==== mass4l and channel===== 2e2mu  +++++++++++++++++++++++++++++++++++++++++ 

==========================================
2e2mu mass4l 105 - 140 GeV
EventCat== -1
TFile::Append:0: RuntimeWarning: Replacing existing TH1: qqzz (Potential memory leak).
TFile::Append:0: RuntimeWarning: Replacing existing TH1: ggzz (Potential memory leak).
TFile::Append:0: RuntimeWarning: Replacing existing TH1: sig (Potential memory leak).
GluGluToContinToZZTo4e_13TeV_MCFM701_pythia8
ggZZ weight is=================== (genWeight*crossSection*dataMCWeight*pileupWeight*58800.0/977200.0)*(k_ggZZ)
GluGluToContinToZZTo4e_13TeV_MCFM701_pythia8 ======== 0.0
GluGluToContinToZZTo4mu_13TeV_MCFM701_pythia8
ggZZ weight is=================== (genWeight*crossSection*dataMCWeight*pileupWeight*58800.0/926000.0)*(k_ggZZ)
GluGluToContinToZZTo4mu_13TeV_MCFM701_pythia8 ======== 0.0
GluGluToContinToZZTo2e2mu_13TeV_MCFM701_pythia8
ggZZ weight is=================== (genWeight*crossSection*dataMCWeight*pileupWeight*58800.0/470000.0)*(k_ggZZ)
GluGluToContinToZZTo2e2mu_13TeV_MCFM701_pythia8 ======== 2.81135774988
ZZTo4L_TuneCP5_13TeV_powheg_pythia8
ZZTo4L_TuneCP5_13TeV_powheg_pythia8 ======== 45.0104364881
data_13TeV_2017_duplicated_removed
data_13TeV_2017_duplicated_removed ======== 86.0

ZZ Bkg:   47.821794238
ggZZ Bkg:   2.81135774988
qqZZ Bkg:   45.0104364881
Red Bkg:   19.5657358468
Data  :   86.0

Info in <TCanvas::Print>: pdf file Histo_mass4l_105to140_2e2mu_mh125_58pt8fb.pdf has been created
Info in <TCanvas::Print>: file Histo_mass4l_105to140_2e2mu_mh125_58pt8fb.png has been created
==========================================

results for observable==== mass4l and channel===== 4l  +++++++++++++++++++++++++++++++++++++++++ 

==========================================
4l mass4l 105 - 140 GeV
EventCat== -1
TFile::Append:0: RuntimeWarning: Replacing existing TH1: qqzz (Potential memory leak).
TFile::Append:0: RuntimeWarning: Replacing existing TH1: ggzz (Potential memory leak).
TFile::Append:0: RuntimeWarning: Replacing existing TH1: sig (Potential memory leak).
GluGluToContinToZZTo4e_13TeV_MCFM701_pythia8
ggZZ weight is=================== (genWeight*crossSection*dataMCWeight*pileupWeight*58800.0/977200.0)*(k_ggZZ)
GluGluToContinToZZTo4e_13TeV_MCFM701_pythia8 ======== 1.61189232056
GluGluToContinToZZTo4mu_13TeV_MCFM701_pythia8
ggZZ weight is=================== (genWeight*crossSection*dataMCWeight*pileupWeight*58800.0/926000.0)*(k_ggZZ)
GluGluToContinToZZTo4mu_13TeV_MCFM701_pythia8 ======== 4.22061895407
GluGluToContinToZZTo2e2mu_13TeV_MCFM701_pythia8
ggZZ weight is=================== (genWeight*crossSection*dataMCWeight*pileupWeight*58800.0/470000.0)*(k_ggZZ)
GluGluToContinToZZTo2e2mu_13TeV_MCFM701_pythia8 ======== 2.81135774988
ZZTo4L_TuneCP5_13TeV_powheg_pythia8
ZZTo4L_TuneCP5_13TeV_powheg_pythia8 ======== 99.5495367369
data_13TeV_2017_duplicated_removed
data_13TeV_2017_duplicated_removed ======== 197.0

ZZ Bkg:   108.193405761
ggZZ Bkg:   8.64386902452
qqZZ Bkg:   99.5495367369
Red Bkg:   36.3671559095
Data  :   197.0

Info in <TCanvas::Print>: pdf file Histo_mass4l_105to140_4l_mh125_58pt8fb.pdf has been created
Info in <TCanvas::Print>: file Histo_mass4l_105to140_4l_mh125_58pt8fb.png has been created
==========================================

results for observable==== pT4l and channel===== 4mu  +++++++++++++++++++++++++++++++++++++++++ 

==========================================
4mu pT4l 0 - 13000 GeV
EventCat== -1
TFile::Append:0: RuntimeWarning: Replacing existing TH1: red_bkg (Potential memory leak).
TFile::Append:0: RuntimeWarning: Replacing existing TH1: qqzz (Potential memory leak).
TFile::Append:0: RuntimeWarning: Replacing existing TH1: ggzz (Potential memory leak).
TFile::Append:0: RuntimeWarning: Replacing existing TH1: sig (Potential memory leak).
GluGluToContinToZZTo4e_13TeV_MCFM701_pythia8
ggZZ weight is=================== (genWeight*crossSection*dataMCWeight*pileupWeight*58800.0/977200.0)*(k_ggZZ)
GluGluToContinToZZTo4e_13TeV_MCFM701_pythia8 ======== 0.0
GluGluToContinToZZTo4mu_13TeV_MCFM701_pythia8
ggZZ weight is=================== (genWeight*crossSection*dataMCWeight*pileupWeight*58800.0/926000.0)*(k_ggZZ)
GluGluToContinToZZTo4mu_13TeV_MCFM701_pythia8 ======== 4.22061895407
GluGluToContinToZZTo2e2mu_13TeV_MCFM701_pythia8
ggZZ weight is=================== (genWeight*crossSection*dataMCWeight*pileupWeight*58800.0/470000.0)*(k_ggZZ)
GluGluToContinToZZTo2e2mu_13TeV_MCFM701_pythia8 ======== 0.0
ZZTo4L_TuneCP5_13TeV_powheg_pythia8
ZZTo4L_TuneCP5_13TeV_powheg_pythia8 ======== 41.2979029654
data_13TeV_2017_duplicated_removed
data_13TeV_2017_duplicated_removed ======== 85.0

ZZ Bkg:   45.5185219194
ggZZ Bkg:   4.22061895407
qqZZ Bkg:   41.2979029654
Red Bkg:   34.4000000721
Data  :   85.0

Info in <TCanvas::Print>: pdf file Histo_pT4l_0to13000_4mu_mh125_58pt8fb.pdf has been created
Info in <TCanvas::Print>: file Histo_pT4l_0to13000_4mu_mh125_58pt8fb.png has been created
==========================================

results for observable==== pT4l and channel===== 4e  +++++++++++++++++++++++++++++++++++++++++ 

==========================================
4e pT4l 0 - 13000 GeV
EventCat== -1
TFile::Append:0: RuntimeWarning: Replacing existing TH1: qqzz (Potential memory leak).
TFile::Append:0: RuntimeWarning: Replacing existing TH1: ggzz (Potential memory leak).
TFile::Append:0: RuntimeWarning: Replacing existing TH1: sig (Potential memory leak).
GluGluToContinToZZTo4e_13TeV_MCFM701_pythia8
ggZZ weight is=================== (genWeight*crossSection*dataMCWeight*pileupWeight*58800.0/977200.0)*(k_ggZZ)
GluGluToContinToZZTo4e_13TeV_MCFM701_pythia8 ======== 1.61189232056
GluGluToContinToZZTo4mu_13TeV_MCFM701_pythia8
ggZZ weight is=================== (genWeight*crossSection*dataMCWeight*pileupWeight*58800.0/926000.0)*(k_ggZZ)
GluGluToContinToZZTo4mu_13TeV_MCFM701_pythia8 ======== 0.0
GluGluToContinToZZTo2e2mu_13TeV_MCFM701_pythia8
ggZZ weight is=================== (genWeight*crossSection*dataMCWeight*pileupWeight*58800.0/470000.0)*(k_ggZZ)
GluGluToContinToZZTo2e2mu_13TeV_MCFM701_pythia8 ======== 0.0
ZZTo4L_TuneCP5_13TeV_powheg_pythia8
ZZTo4L_TuneCP5_13TeV_powheg_pythia8 ======== 13.2411972835
data_13TeV_2017_duplicated_removed
data_13TeV_2017_duplicated_removed ======== 26.0

ZZ Bkg:   14.853089604
ggZZ Bkg:   1.61189232056
qqZZ Bkg:   13.2411972835
Red Bkg:   21.0999999768
Data  :   26.0

Info in <TCanvas::Print>: pdf file Histo_pT4l_0to13000_4e_mh125_58pt8fb.pdf has been created
Info in <TCanvas::Print>: file Histo_pT4l_0to13000_4e_mh125_58pt8fb.png has been created
==========================================

results for observable==== pT4l and channel===== 2e2mu  +++++++++++++++++++++++++++++++++++++++++ 

==========================================
2e2mu pT4l 0 - 13000 GeV
EventCat== -1
TFile::Append:0: RuntimeWarning: Replacing existing TH1: qqzz (Potential memory leak).
TFile::Append:0: RuntimeWarning: Replacing existing TH1: ggzz (Potential memory leak).
TFile::Append:0: RuntimeWarning: Replacing existing TH1: sig (Potential memory leak).
GluGluToContinToZZTo4e_13TeV_MCFM701_pythia8
ggZZ weight is=================== (genWeight*crossSection*dataMCWeight*pileupWeight*58800.0/977200.0)*(k_ggZZ)
GluGluToContinToZZTo4e_13TeV_MCFM701_pythia8 ======== 0.0
GluGluToContinToZZTo4mu_13TeV_MCFM701_pythia8
ggZZ weight is=================== (genWeight*crossSection*dataMCWeight*pileupWeight*58800.0/926000.0)*(k_ggZZ)
GluGluToContinToZZTo4mu_13TeV_MCFM701_pythia8 ======== 0.0
GluGluToContinToZZTo2e2mu_13TeV_MCFM701_pythia8
ggZZ weight is=================== (genWeight*crossSection*dataMCWeight*pileupWeight*58800.0/470000.0)*(k_ggZZ)
GluGluToContinToZZTo2e2mu_13TeV_MCFM701_pythia8 ======== 2.81135774988
ZZTo4L_TuneCP5_13TeV_powheg_pythia8
ZZTo4L_TuneCP5_13TeV_powheg_pythia8 ======== 45.0104364881
data_13TeV_2017_duplicated_removed
data_13TeV_2017_duplicated_removed ======== 86.0

ZZ Bkg:   47.821794238
ggZZ Bkg:   2.81135774988
qqZZ Bkg:   45.0104364881
Red Bkg:   59.8999998961
Data  :   86.0

Info in <TCanvas::Print>: pdf file Histo_pT4l_0to13000_2e2mu_mh125_58pt8fb.pdf has been created
Info in <TCanvas::Print>: file Histo_pT4l_0to13000_2e2mu_mh125_58pt8fb.png has been created
==========================================

results for observable==== pT4l and channel===== 4l  +++++++++++++++++++++++++++++++++++++++++ 

==========================================
4l pT4l 0 - 13000 GeV
EventCat== -1
TFile::Append:0: RuntimeWarning: Replacing existing TH1: qqzz (Potential memory leak).
TFile::Append:0: RuntimeWarning: Replacing existing TH1: ggzz (Potential memory leak).
TFile::Append:0: RuntimeWarning: Replacing existing TH1: sig (Potential memory leak).
GluGluToContinToZZTo4e_13TeV_MCFM701_pythia8
ggZZ weight is=================== (genWeight*crossSection*dataMCWeight*pileupWeight*58800.0/977200.0)*(k_ggZZ)
GluGluToContinToZZTo4e_13TeV_MCFM701_pythia8 ======== 1.61189232056
GluGluToContinToZZTo4mu_13TeV_MCFM701_pythia8
ggZZ weight is=================== (genWeight*crossSection*dataMCWeight*pileupWeight*58800.0/926000.0)*(k_ggZZ)
GluGluToContinToZZTo4mu_13TeV_MCFM701_pythia8 ======== 4.22061895407
GluGluToContinToZZTo2e2mu_13TeV_MCFM701_pythia8
ggZZ weight is=================== (genWeight*crossSection*dataMCWeight*pileupWeight*58800.0/470000.0)*(k_ggZZ)
GluGluToContinToZZTo2e2mu_13TeV_MCFM701_pythia8 ======== 2.81135774988
ZZTo4L_TuneCP5_13TeV_powheg_pythia8
ZZTo4L_TuneCP5_13TeV_powheg_pythia8 ======== 99.5495367369
data_13TeV_2017_duplicated_removed
data_13TeV_2017_duplicated_removed ======== 197.0

ZZ Bkg:   108.193405761
ggZZ Bkg:   8.64386902452
qqZZ Bkg:   99.5495367369
Red Bkg:   115.39999968
Data  :   197.0

Info in <TCanvas::Print>: pdf file Histo_pT4l_0to13000_4l_mh125_58pt8fb.pdf has been created
Info in <TCanvas::Print>: file Histo_pT4l_0to13000_4l_mh125_58pt8fb.png has been created
==========================================

results for observable==== njets_pt30_eta2p5 and channel===== 4mu  +++++++++++++++++++++++++++++++++++++++++ 

==========================================
4mu njets_pt30_eta2p5 0.0 - 10.0 GeV
EventCat== -1
TFile::Append:0: RuntimeWarning: Replacing existing TH1: qqzz (Potential memory leak).
TFile::Append:0: RuntimeWarning: Replacing existing TH1: ggzz (Potential memory leak).
TFile::Append:0: RuntimeWarning: Replacing existing TH1: sig (Potential memory leak).
GluGluToContinToZZTo4e_13TeV_MCFM701_pythia8
ggZZ weight is=================== (genWeight*crossSection*dataMCWeight*pileupWeight*58800.0/977200.0)*(k_ggZZ)
GluGluToContinToZZTo4e_13TeV_MCFM701_pythia8 ======== 0.0
GluGluToContinToZZTo4mu_13TeV_MCFM701_pythia8
ggZZ weight is=================== (genWeight*crossSection*dataMCWeight*pileupWeight*58800.0/926000.0)*(k_ggZZ)
GluGluToContinToZZTo4mu_13TeV_MCFM701_pythia8 ======== 4.22061895407
GluGluToContinToZZTo2e2mu_13TeV_MCFM701_pythia8
ggZZ weight is=================== (genWeight*crossSection*dataMCWeight*pileupWeight*58800.0/470000.0)*(k_ggZZ)
GluGluToContinToZZTo2e2mu_13TeV_MCFM701_pythia8 ======== 0.0
ZZTo4L_TuneCP5_13TeV_powheg_pythia8
ZZTo4L_TuneCP5_13TeV_powheg_pythia8 ======== 41.2979029654
data_13TeV_2017_duplicated_removed
data_13TeV_2017_duplicated_removed ======== 85.0
Error in <TH1D::FillRandom>: Integral = zero

ZZ Bkg:   45.5185219194
ggZZ Bkg:   4.22061895407
qqZZ Bkg:   41.2979029654
Red Bkg:   0.0
Data  :   85.0

Info in <TCanvas::Print>: pdf file Histo_njets_pt30_eta2p5_0pt0to10pt0_4mu_mh125_58pt8fb.pdf has been created
Info in <TCanvas::Print>: file Histo_njets_pt30_eta2p5_0pt0to10pt0_4mu_mh125_58pt8fb.png has been created
==========================================

results for observable==== njets_pt30_eta2p5 and channel===== 4e  +++++++++++++++++++++++++++++++++++++++++ 

==========================================
4e njets_pt30_eta2p5 0.0 - 10.0 GeV
EventCat== -1
TFile::Append:0: RuntimeWarning: Replacing existing TH1: qqzz (Potential memory leak).
TFile::Append:0: RuntimeWarning: Replacing existing TH1: ggzz (Potential memory leak).
TFile::Append:0: RuntimeWarning: Replacing existing TH1: sig (Potential memory leak).
GluGluToContinToZZTo4e_13TeV_MCFM701_pythia8
ggZZ weight is=================== (genWeight*crossSection*dataMCWeight*pileupWeight*58800.0/977200.0)*(k_ggZZ)
GluGluToContinToZZTo4e_13TeV_MCFM701_pythia8 ======== 1.61189232056
GluGluToContinToZZTo4mu_13TeV_MCFM701_pythia8
ggZZ weight is=================== (genWeight*crossSection*dataMCWeight*pileupWeight*58800.0/926000.0)*(k_ggZZ)
GluGluToContinToZZTo4mu_13TeV_MCFM701_pythia8 ======== 0.0
GluGluToContinToZZTo2e2mu_13TeV_MCFM701_pythia8
ggZZ weight is=================== (genWeight*crossSection*dataMCWeight*pileupWeight*58800.0/470000.0)*(k_ggZZ)
GluGluToContinToZZTo2e2mu_13TeV_MCFM701_pythia8 ======== 0.0
ZZTo4L_TuneCP5_13TeV_powheg_pythia8
ZZTo4L_TuneCP5_13TeV_powheg_pythia8 ======== 13.2411972835
data_13TeV_2017_duplicated_removed
data_13TeV_2017_duplicated_removed ======== 26.0

ZZ Bkg:   14.853089604
ggZZ Bkg:   1.61189232056
qqZZ Bkg:   13.2411972835
Red Bkg:   0.0
Data  :   26.0

Info in <TCanvas::Print>: pdf file Histo_njets_pt30_eta2p5_0pt0to10pt0_4e_mh125_58pt8fb.pdf has been created
Info in <TCanvas::Print>: file Histo_njets_pt30_eta2p5_0pt0to10pt0_4e_mh125_58pt8fb.png has been created
==========================================

results for observable==== njets_pt30_eta2p5 and channel===== 2e2mu  +++++++++++++++++++++++++++++++++++++++++ 

==========================================
2e2mu njets_pt30_eta2p5 0.0 - 10.0 GeV
EventCat== -1
TFile::Append:0: RuntimeWarning: Replacing existing TH1: qqzz (Potential memory leak).
TFile::Append:0: RuntimeWarning: Replacing existing TH1: ggzz (Potential memory leak).
TFile::Append:0: RuntimeWarning: Replacing existing TH1: sig (Potential memory leak).
GluGluToContinToZZTo4e_13TeV_MCFM701_pythia8
ggZZ weight is=================== (genWeight*crossSection*dataMCWeight*pileupWeight*58800.0/977200.0)*(k_ggZZ)
GluGluToContinToZZTo4e_13TeV_MCFM701_pythia8 ======== 0.0
GluGluToContinToZZTo4mu_13TeV_MCFM701_pythia8
ggZZ weight is=================== (genWeight*crossSection*dataMCWeight*pileupWeight*58800.0/926000.0)*(k_ggZZ)
GluGluToContinToZZTo4mu_13TeV_MCFM701_pythia8 ======== 0.0
GluGluToContinToZZTo2e2mu_13TeV_MCFM701_pythia8
ggZZ weight is=================== (genWeight*crossSection*dataMCWeight*pileupWeight*58800.0/470000.0)*(k_ggZZ)
GluGluToContinToZZTo2e2mu_13TeV_MCFM701_pythia8 ======== 2.81135774988
ZZTo4L_TuneCP5_13TeV_powheg_pythia8
ZZTo4L_TuneCP5_13TeV_powheg_pythia8 ======== 45.0104364881
data_13TeV_2017_duplicated_removed
data_13TeV_2017_duplicated_removed ======== 86.0

ZZ Bkg:   47.821794238
ggZZ Bkg:   2.81135774988
qqZZ Bkg:   45.0104364881
Red Bkg:   0.0
Data  :   86.0

Info in <TCanvas::Print>: pdf file Histo_njets_pt30_eta2p5_0pt0to10pt0_2e2mu_mh125_58pt8fb.pdf has been created
Info in <TCanvas::Print>: file Histo_njets_pt30_eta2p5_0pt0to10pt0_2e2mu_mh125_58pt8fb.png has been created
==========================================

results for observable==== njets_pt30_eta2p5 and channel===== 4l  +++++++++++++++++++++++++++++++++++++++++ 

==========================================
4l njets_pt30_eta2p5 0.0 - 10.0 GeV
EventCat== -1
TFile::Append:0: RuntimeWarning: Replacing existing TH1: qqzz (Potential memory leak).
TFile::Append:0: RuntimeWarning: Replacing existing TH1: ggzz (Potential memory leak).
TFile::Append:0: RuntimeWarning: Replacing existing TH1: sig (Potential memory leak).
GluGluToContinToZZTo4e_13TeV_MCFM701_pythia8
ggZZ weight is=================== (genWeight*crossSection*dataMCWeight*pileupWeight*58800.0/977200.0)*(k_ggZZ)
GluGluToContinToZZTo4e_13TeV_MCFM701_pythia8 ======== 1.61189232056
GluGluToContinToZZTo4mu_13TeV_MCFM701_pythia8
ggZZ weight is=================== (genWeight*crossSection*dataMCWeight*pileupWeight*58800.0/926000.0)*(k_ggZZ)
GluGluToContinToZZTo4mu_13TeV_MCFM701_pythia8 ======== 4.22061895407
GluGluToContinToZZTo2e2mu_13TeV_MCFM701_pythia8
ggZZ weight is=================== (genWeight*crossSection*dataMCWeight*pileupWeight*58800.0/470000.0)*(k_ggZZ)
GluGluToContinToZZTo2e2mu_13TeV_MCFM701_pythia8 ======== 2.81135774988
ZZTo4L_TuneCP5_13TeV_powheg_pythia8
ZZTo4L_TuneCP5_13TeV_powheg_pythia8 ======== 99.5495367369
data_13TeV_2017_duplicated_removed
data_13TeV_2017_duplicated_removed ======== 197.0

ZZ Bkg:   108.193405761
ggZZ Bkg:   8.64386902452
qqZZ Bkg:   99.5495367369
Red Bkg:   0.0
Data  :   197.0

Info in <TCanvas::Print>: pdf file Histo_njets_pt30_eta2p5_0pt0to10pt0_4l_mh125_58pt8fb.pdf has been created
Info in <TCanvas::Print>: file Histo_njets_pt30_eta2p5_0pt0to10pt0_4l_mh125_58pt8fb.png has been created
==========================================

results for observable==== pt_leadingjet_pt30_eta2p5 and channel===== 4mu  +++++++++++++++++++++++++++++++++++++++++ 

==========================================
4mu pt_leadingjet_pt30_eta2p5 -2.0 - 13000.0 GeV
EventCat== -1
TFile::Append:0: RuntimeWarning: Replacing existing TH1: qqzz (Potential memory leak).
TFile::Append:0: RuntimeWarning: Replacing existing TH1: ggzz (Potential memory leak).
TFile::Append:0: RuntimeWarning: Replacing existing TH1: sig (Potential memory leak).
GluGluToContinToZZTo4e_13TeV_MCFM701_pythia8
ggZZ weight is=================== (genWeight*crossSection*dataMCWeight*pileupWeight*58800.0/977200.0)*(k_ggZZ)
GluGluToContinToZZTo4e_13TeV_MCFM701_pythia8 ======== 0.0
GluGluToContinToZZTo4mu_13TeV_MCFM701_pythia8
ggZZ weight is=================== (genWeight*crossSection*dataMCWeight*pileupWeight*58800.0/926000.0)*(k_ggZZ)
GluGluToContinToZZTo4mu_13TeV_MCFM701_pythia8 ======== 4.22061895407
GluGluToContinToZZTo2e2mu_13TeV_MCFM701_pythia8
ggZZ weight is=================== (genWeight*crossSection*dataMCWeight*pileupWeight*58800.0/470000.0)*(k_ggZZ)
GluGluToContinToZZTo2e2mu_13TeV_MCFM701_pythia8 ======== 0.0
ZZTo4L_TuneCP5_13TeV_powheg_pythia8
ZZTo4L_TuneCP5_13TeV_powheg_pythia8 ======== 41.2979029654
data_13TeV_2017_duplicated_removed
data_13TeV_2017_duplicated_removed ======== 85.0

ZZ Bkg:   45.5185219194
ggZZ Bkg:   4.22061895407
qqZZ Bkg:   41.2979029654
Red Bkg:   34.399999887
Data  :   85.0

Info in <TCanvas::Print>: pdf file Histo_pt_leadingjet_pt30_eta2p5_-2pt0to13000pt0_4mu_mh125_58pt8fb.pdf has been created
Info in <TCanvas::Print>: file Histo_pt_leadingjet_pt30_eta2p5_-2pt0to13000pt0_4mu_mh125_58pt8fb.png has been created
==========================================

results for observable==== pt_leadingjet_pt30_eta2p5 and channel===== 4e  +++++++++++++++++++++++++++++++++++++++++ 

==========================================
4e pt_leadingjet_pt30_eta2p5 -2.0 - 13000.0 GeV
EventCat== -1
TFile::Append:0: RuntimeWarning: Replacing existing TH1: qqzz (Potential memory leak).
TFile::Append:0: RuntimeWarning: Replacing existing TH1: ggzz (Potential memory leak).
TFile::Append:0: RuntimeWarning: Replacing existing TH1: sig (Potential memory leak).
GluGluToContinToZZTo4e_13TeV_MCFM701_pythia8
ggZZ weight is=================== (genWeight*crossSection*dataMCWeight*pileupWeight*58800.0/977200.0)*(k_ggZZ)
GluGluToContinToZZTo4e_13TeV_MCFM701_pythia8 ======== 1.61189232056
GluGluToContinToZZTo4mu_13TeV_MCFM701_pythia8
ggZZ weight is=================== (genWeight*crossSection*dataMCWeight*pileupWeight*58800.0/926000.0)*(k_ggZZ)
GluGluToContinToZZTo4mu_13TeV_MCFM701_pythia8 ======== 0.0
GluGluToContinToZZTo2e2mu_13TeV_MCFM701_pythia8
ggZZ weight is=================== (genWeight*crossSection*dataMCWeight*pileupWeight*58800.0/470000.0)*(k_ggZZ)
GluGluToContinToZZTo2e2mu_13TeV_MCFM701_pythia8 ======== 0.0
ZZTo4L_TuneCP5_13TeV_powheg_pythia8
ZZTo4L_TuneCP5_13TeV_powheg_pythia8 ======== 13.2411972835
data_13TeV_2017_duplicated_removed
data_13TeV_2017_duplicated_removed ======== 26.0

ZZ Bkg:   14.853089604
ggZZ Bkg:   1.61189232056
qqZZ Bkg:   13.2411972835
Red Bkg:   21.1000000402
Data  :   26.0

Info in <TCanvas::Print>: pdf file Histo_pt_leadingjet_pt30_eta2p5_-2pt0to13000pt0_4e_mh125_58pt8fb.pdf has been created
Info in <TCanvas::Print>: file Histo_pt_leadingjet_pt30_eta2p5_-2pt0to13000pt0_4e_mh125_58pt8fb.png has been created
==========================================

results for observable==== pt_leadingjet_pt30_eta2p5 and channel===== 2e2mu  +++++++++++++++++++++++++++++++++++++++++ 

==========================================
2e2mu pt_leadingjet_pt30_eta2p5 -2.0 - 13000.0 GeV
EventCat== -1
TFile::Append:0: RuntimeWarning: Replacing existing TH1: qqzz (Potential memory leak).
TFile::Append:0: RuntimeWarning: Replacing existing TH1: ggzz (Potential memory leak).
TFile::Append:0: RuntimeWarning: Replacing existing TH1: sig (Potential memory leak).
GluGluToContinToZZTo4e_13TeV_MCFM701_pythia8
ggZZ weight is=================== (genWeight*crossSection*dataMCWeight*pileupWeight*58800.0/977200.0)*(k_ggZZ)
GluGluToContinToZZTo4e_13TeV_MCFM701_pythia8 ======== 0.0
GluGluToContinToZZTo4mu_13TeV_MCFM701_pythia8
ggZZ weight is=================== (genWeight*crossSection*dataMCWeight*pileupWeight*58800.0/926000.0)*(k_ggZZ)
GluGluToContinToZZTo4mu_13TeV_MCFM701_pythia8 ======== 0.0
GluGluToContinToZZTo2e2mu_13TeV_MCFM701_pythia8
ggZZ weight is=================== (genWeight*crossSection*dataMCWeight*pileupWeight*58800.0/470000.0)*(k_ggZZ)
GluGluToContinToZZTo2e2mu_13TeV_MCFM701_pythia8 ======== 2.81135774988
ZZTo4L_TuneCP5_13TeV_powheg_pythia8
ZZTo4L_TuneCP5_13TeV_powheg_pythia8 ======== 45.0104364881
data_13TeV_2017_duplicated_removed
data_13TeV_2017_duplicated_removed ======== 86.0

ZZ Bkg:   47.821794238
ggZZ Bkg:   2.81135774988
qqZZ Bkg:   45.0104364881
Red Bkg:   59.9000000084
Data  :   86.0

Info in <TCanvas::Print>: pdf file Histo_pt_leadingjet_pt30_eta2p5_-2pt0to13000pt0_2e2mu_mh125_58pt8fb.pdf has been created
Info in <TCanvas::Print>: file Histo_pt_leadingjet_pt30_eta2p5_-2pt0to13000pt0_2e2mu_mh125_58pt8fb.png has been created
==========================================

results for observable==== pt_leadingjet_pt30_eta2p5 and channel===== 4l  +++++++++++++++++++++++++++++++++++++++++ 

==========================================
4l pt_leadingjet_pt30_eta2p5 -2.0 - 13000.0 GeV
EventCat== -1
TFile::Append:0: RuntimeWarning: Replacing existing TH1: qqzz (Potential memory leak).
TFile::Append:0: RuntimeWarning: Replacing existing TH1: ggzz (Potential memory leak).
TFile::Append:0: RuntimeWarning: Replacing existing TH1: sig (Potential memory leak).
GluGluToContinToZZTo4e_13TeV_MCFM701_pythia8
ggZZ weight is=================== (genWeight*crossSection*dataMCWeight*pileupWeight*58800.0/977200.0)*(k_ggZZ)
GluGluToContinToZZTo4e_13TeV_MCFM701_pythia8 ======== 1.61189232056
GluGluToContinToZZTo4mu_13TeV_MCFM701_pythia8
ggZZ weight is=================== (genWeight*crossSection*dataMCWeight*pileupWeight*58800.0/926000.0)*(k_ggZZ)
GluGluToContinToZZTo4mu_13TeV_MCFM701_pythia8 ======== 4.22061895407
GluGluToContinToZZTo2e2mu_13TeV_MCFM701_pythia8
ggZZ weight is=================== (genWeight*crossSection*dataMCWeight*pileupWeight*58800.0/470000.0)*(k_ggZZ)
GluGluToContinToZZTo2e2mu_13TeV_MCFM701_pythia8 ======== 2.81135774988
ZZTo4L_TuneCP5_13TeV_powheg_pythia8
ZZTo4L_TuneCP5_13TeV_powheg_pythia8 ======== 99.5495367369
data_13TeV_2017_duplicated_removed
data_13TeV_2017_duplicated_removed ======== 197.0

ZZ Bkg:   108.193405761
ggZZ Bkg:   8.64386902452
qqZZ Bkg:   99.5495367369
Red Bkg:   115.399999915
Data  :   197.0

Info in <TCanvas::Print>: pdf file Histo_pt_leadingjet_pt30_eta2p5_-2pt0to13000pt0_4l_mh125_58pt8fb.pdf has been created
Info in <TCanvas::Print>: file Histo_pt_leadingjet_pt30_eta2p5_-2pt0to13000pt0_4l_mh125_58pt8fb.png has been created
==========================================

===========================================================================================
all observables and channels compiled
