nohup: ignoring input
[?1034hTClass::Init:0: RuntimeWarning: no dictionary for class ROOT::TIOFeatures is available
GluGluToContinToZZTo4e_13TeV_MCFM701_pythia8 nevents 977600.0 sumw 977600.0
GluGluToContinToZZTo4mu_13TeV_MCFM701_pythia8 nevents 982400.0 sumw 982400.0
GluGluToContinToZZTo2e2mu_13TeV_MCFM701_pythia8 nevents 494000.0 sumw 494000.0
ZZTo4L_TuneCP5_13TeV_powheg_pythia8 nevents 6689900.0 sumw 6622242.0
data_13TeV_2017_duplicated_removed nevents 0.0 sumw 0.0
results for observable==== mass4l and channel===== 4mu  +++++++++++++++++++++++++++++++++++++++++ 

==========================================
4mu mass4l 105 - 140 GeV
EventCat== -1
GluGluToContinToZZTo4e_13TeV_MCFM701_pythia8
ggZZ weight is=================== (genWeight*crossSection*dataMCWeight*pileupWeight*58800.0/977600.0)*(k_ggZZ)
GluGluToContinToZZTo4e_13TeV_MCFM701_pythia8 ======== 0.0
GluGluToContinToZZTo4mu_13TeV_MCFM701_pythia8
ggZZ weight is=================== (genWeight*crossSection*dataMCWeight*pileupWeight*58800.0/982400.0)*(k_ggZZ)
GluGluToContinToZZTo4mu_13TeV_MCFM701_pythia8 ======== 3.87524440243
GluGluToContinToZZTo2e2mu_13TeV_MCFM701_pythia8
ggZZ weight is=================== (genWeight*crossSection*dataMCWeight*pileupWeight*58800.0/494000.0)*(k_ggZZ)
GluGluToContinToZZTo2e2mu_13TeV_MCFM701_pythia8 ======== 0.0
ZZTo4L_TuneCP5_13TeV_powheg_pythia8
ZZTo4L_TuneCP5_13TeV_powheg_pythia8 ======== 38.3714759487
data_13TeV_2017_duplicated_removed
data_13TeV_2017_duplicated_removed ======== 85.0

ZZ Bkg:   42.2467203511
ggZZ Bkg:   3.87524440243
qqZZ Bkg:   38.3714759487
Red Bkg:   12.8790159822
Data  :   85.0

==========================================

results for observable==== mass4l and channel===== 4e  +++++++++++++++++++++++++++++++++++++++++ 

==========================================
4e mass4l 105 - 140 GeV
EventCat== -1
TFile::Append:0: RuntimeWarning: Replacing existing TH1: qqzz (Potential memory leak).
TFile::Append:0: RuntimeWarning: Replacing existing TH1: ggzz (Potential memory leak).
TFile::Append:0: RuntimeWarning: Replacing existing TH1: sig (Potential memory leak).
GluGluToContinToZZTo4e_13TeV_MCFM701_pythia8
ggZZ weight is=================== (genWeight*crossSection*dataMCWeight*pileupWeight*58800.0/977600.0)*(k_ggZZ)
GluGluToContinToZZTo4e_13TeV_MCFM701_pythia8 ======== 1.56950761954
GluGluToContinToZZTo4mu_13TeV_MCFM701_pythia8
ggZZ weight is=================== (genWeight*crossSection*dataMCWeight*pileupWeight*58800.0/982400.0)*(k_ggZZ)
GluGluToContinToZZTo4mu_13TeV_MCFM701_pythia8 ======== 0.0
GluGluToContinToZZTo2e2mu_13TeV_MCFM701_pythia8
ggZZ weight is=================== (genWeight*crossSection*dataMCWeight*pileupWeight*58800.0/494000.0)*(k_ggZZ)
GluGluToContinToZZTo2e2mu_13TeV_MCFM701_pythia8 ======== 0.0
ZZTo4L_TuneCP5_13TeV_powheg_pythia8
ZZTo4L_TuneCP5_13TeV_powheg_pythia8 ======== 13.4509243645
data_13TeV_2017_duplicated_removed
data_13TeV_2017_duplicated_removed ======== 26.0

ZZ Bkg:   15.020431984
ggZZ Bkg:   1.56950761954
qqZZ Bkg:   13.4509243645
Red Bkg:   5.4391579628
Data  :   26.0

==========================================

results for observable==== mass4l and channel===== 2e2mu  +++++++++++++++++++++++++++++++++++++++++ 

==========================================
2e2mu mass4l 105 - 140 GeV
EventCat== -1
TFile::Append:0: RuntimeWarning: Replacing existing TH1: qqzz (Potential memory leak).
TFile::Append:0: RuntimeWarning: Replacing existing TH1: ggzz (Potential memory leak).
TFile::Append:0: RuntimeWarning: Replacing existing TH1: sig (Potential memory leak).
GluGluToContinToZZTo4e_13TeV_MCFM701_pythia8
ggZZ weight is=================== (genWeight*crossSection*dataMCWeight*pileupWeight*58800.0/977600.0)*(k_ggZZ)
GluGluToContinToZZTo4e_13TeV_MCFM701_pythia8 ======== 0.0
GluGluToContinToZZTo4mu_13TeV_MCFM701_pythia8
ggZZ weight is=================== (genWeight*crossSection*dataMCWeight*pileupWeight*58800.0/982400.0)*(k_ggZZ)
GluGluToContinToZZTo4mu_13TeV_MCFM701_pythia8 ======== 0.0
GluGluToContinToZZTo2e2mu_13TeV_MCFM701_pythia8
ggZZ weight is=================== (genWeight*crossSection*dataMCWeight*pileupWeight*58800.0/494000.0)*(k_ggZZ)
GluGluToContinToZZTo2e2mu_13TeV_MCFM701_pythia8 ======== 2.66350983142
ZZTo4L_TuneCP5_13TeV_powheg_pythia8
ZZTo4L_TuneCP5_13TeV_powheg_pythia8 ======== 43.3019412261
data_13TeV_2017_duplicated_removed
data_13TeV_2017_duplicated_removed ======== 86.0

ZZ Bkg:   45.9654510575
ggZZ Bkg:   2.66350983142
qqZZ Bkg:   43.3019412261
Red Bkg:   19.5657358468
Data  :   86.0

==========================================

results for observable==== mass4l and channel===== 4l  +++++++++++++++++++++++++++++++++++++++++ 

==========================================
4l mass4l 105 - 140 GeV
EventCat== -1
TFile::Append:0: RuntimeWarning: Replacing existing TH1: qqzz (Potential memory leak).
TFile::Append:0: RuntimeWarning: Replacing existing TH1: ggzz (Potential memory leak).
TFile::Append:0: RuntimeWarning: Replacing existing TH1: sig (Potential memory leak).
GluGluToContinToZZTo4e_13TeV_MCFM701_pythia8
ggZZ weight is=================== (genWeight*crossSection*dataMCWeight*pileupWeight*58800.0/977600.0)*(k_ggZZ)
GluGluToContinToZZTo4e_13TeV_MCFM701_pythia8 ======== 1.56950761954
GluGluToContinToZZTo4mu_13TeV_MCFM701_pythia8
ggZZ weight is=================== (genWeight*crossSection*dataMCWeight*pileupWeight*58800.0/982400.0)*(k_ggZZ)
GluGluToContinToZZTo4mu_13TeV_MCFM701_pythia8 ======== 3.87524440243
GluGluToContinToZZTo2e2mu_13TeV_MCFM701_pythia8
ggZZ weight is=================== (genWeight*crossSection*dataMCWeight*pileupWeight*58800.0/494000.0)*(k_ggZZ)
GluGluToContinToZZTo2e2mu_13TeV_MCFM701_pythia8 ======== 2.66350983142
ZZTo4L_TuneCP5_13TeV_powheg_pythia8
ZZTo4L_TuneCP5_13TeV_powheg_pythia8 ======== 95.1243415393
data_13TeV_2017_duplicated_removed
data_13TeV_2017_duplicated_removed ======== 197.0

ZZ Bkg:   103.232603393
ggZZ Bkg:   8.10826185339
qqZZ Bkg:   95.1243415393
Red Bkg:   36.3671559095
Data  :   197.0

==========================================

results for observable==== rapidity4l and channel===== 4mu  +++++++++++++++++++++++++++++++++++++++++ 

==========================================
4mu rapidity4l 0 - 2.5 GeV
EventCat== -1
TFile::Append:0: RuntimeWarning: Replacing existing TH1: red_bkg (Potential memory leak).
TFile::Append:0: RuntimeWarning: Replacing existing TH1: qqzz (Potential memory leak).
TFile::Append:0: RuntimeWarning: Replacing existing TH1: ggzz (Potential memory leak).
TFile::Append:0: RuntimeWarning: Replacing existing TH1: sig (Potential memory leak).
GluGluToContinToZZTo4e_13TeV_MCFM701_pythia8
ggZZ weight is=================== (genWeight*crossSection*dataMCWeight*pileupWeight*58800.0/977600.0)*(k_ggZZ)
GluGluToContinToZZTo4e_13TeV_MCFM701_pythia8 ======== 0.0
GluGluToContinToZZTo4mu_13TeV_MCFM701_pythia8
ggZZ weight is=================== (genWeight*crossSection*dataMCWeight*pileupWeight*58800.0/982400.0)*(k_ggZZ)
GluGluToContinToZZTo4mu_13TeV_MCFM701_pythia8 ======== 1.95196375245
GluGluToContinToZZTo2e2mu_13TeV_MCFM701_pythia8
ggZZ weight is=================== (genWeight*crossSection*dataMCWeight*pileupWeight*58800.0/494000.0)*(k_ggZZ)
GluGluToContinToZZTo2e2mu_13TeV_MCFM701_pythia8 ======== 0.0
ZZTo4L_TuneCP5_13TeV_powheg_pythia8
ZZTo4L_TuneCP5_13TeV_powheg_pythia8 ======== 19.7188435384
data_13TeV_2017_duplicated_removed
data_13TeV_2017_duplicated_removed ======== 39.0
Error in <TH1D::FillRandom>: Integral = zero

ZZ Bkg:   21.6708072908
ggZZ Bkg:   1.95196375245
qqZZ Bkg:   19.7188435384
Red Bkg:   0.0
Data  :   39.0

==========================================

results for observable==== rapidity4l and channel===== 4e  +++++++++++++++++++++++++++++++++++++++++ 

==========================================
4e rapidity4l 0 - 2.5 GeV
EventCat== -1
TFile::Append:0: RuntimeWarning: Replacing existing TH1: qqzz (Potential memory leak).
TFile::Append:0: RuntimeWarning: Replacing existing TH1: ggzz (Potential memory leak).
TFile::Append:0: RuntimeWarning: Replacing existing TH1: sig (Potential memory leak).
GluGluToContinToZZTo4e_13TeV_MCFM701_pythia8
ggZZ weight is=================== (genWeight*crossSection*dataMCWeight*pileupWeight*58800.0/977600.0)*(k_ggZZ)
GluGluToContinToZZTo4e_13TeV_MCFM701_pythia8 ======== 0.776659084978
GluGluToContinToZZTo4mu_13TeV_MCFM701_pythia8
ggZZ weight is=================== (genWeight*crossSection*dataMCWeight*pileupWeight*58800.0/982400.0)*(k_ggZZ)
GluGluToContinToZZTo4mu_13TeV_MCFM701_pythia8 ======== 0.0
GluGluToContinToZZTo2e2mu_13TeV_MCFM701_pythia8
ggZZ weight is=================== (genWeight*crossSection*dataMCWeight*pileupWeight*58800.0/494000.0)*(k_ggZZ)
GluGluToContinToZZTo2e2mu_13TeV_MCFM701_pythia8 ======== 0.0
ZZTo4L_TuneCP5_13TeV_powheg_pythia8
ZZTo4L_TuneCP5_13TeV_powheg_pythia8 ======== 6.63298208367
data_13TeV_2017_duplicated_removed
data_13TeV_2017_duplicated_removed ======== 15.0

ZZ Bkg:   7.40964116865
ggZZ Bkg:   0.776659084978
qqZZ Bkg:   6.63298208367
Red Bkg:   0.0
Data  :   15.0

==========================================

results for observable==== rapidity4l and channel===== 2e2mu  +++++++++++++++++++++++++++++++++++++++++ 

==========================================
2e2mu rapidity4l 0 - 2.5 GeV
EventCat== -1
TFile::Append:0: RuntimeWarning: Replacing existing TH1: qqzz (Potential memory leak).
TFile::Append:0: RuntimeWarning: Replacing existing TH1: ggzz (Potential memory leak).
TFile::Append:0: RuntimeWarning: Replacing existing TH1: sig (Potential memory leak).
GluGluToContinToZZTo4e_13TeV_MCFM701_pythia8
ggZZ weight is=================== (genWeight*crossSection*dataMCWeight*pileupWeight*58800.0/977600.0)*(k_ggZZ)
GluGluToContinToZZTo4e_13TeV_MCFM701_pythia8 ======== 0.0
GluGluToContinToZZTo4mu_13TeV_MCFM701_pythia8
ggZZ weight is=================== (genWeight*crossSection*dataMCWeight*pileupWeight*58800.0/982400.0)*(k_ggZZ)
GluGluToContinToZZTo4mu_13TeV_MCFM701_pythia8 ======== 0.0
GluGluToContinToZZTo2e2mu_13TeV_MCFM701_pythia8
ggZZ weight is=================== (genWeight*crossSection*dataMCWeight*pileupWeight*58800.0/494000.0)*(k_ggZZ)
GluGluToContinToZZTo2e2mu_13TeV_MCFM701_pythia8 ======== 1.33505042643
ZZTo4L_TuneCP5_13TeV_powheg_pythia8
ZZTo4L_TuneCP5_13TeV_powheg_pythia8 ======== 21.116186999
data_13TeV_2017_duplicated_removed
data_13TeV_2017_duplicated_removed ======== 53.0

ZZ Bkg:   22.4512374254
ggZZ Bkg:   1.33505042643
qqZZ Bkg:   21.116186999
Red Bkg:   0.0
Data  :   53.0

==========================================

results for observable==== rapidity4l and channel===== 4l  +++++++++++++++++++++++++++++++++++++++++ 

==========================================
4l rapidity4l 0 - 2.5 GeV
EventCat== -1
TFile::Append:0: RuntimeWarning: Replacing existing TH1: qqzz (Potential memory leak).
TFile::Append:0: RuntimeWarning: Replacing existing TH1: ggzz (Potential memory leak).
TFile::Append:0: RuntimeWarning: Replacing existing TH1: sig (Potential memory leak).
GluGluToContinToZZTo4e_13TeV_MCFM701_pythia8
ggZZ weight is=================== (genWeight*crossSection*dataMCWeight*pileupWeight*58800.0/977600.0)*(k_ggZZ)
GluGluToContinToZZTo4e_13TeV_MCFM701_pythia8 ======== 0.776659084978
GluGluToContinToZZTo4mu_13TeV_MCFM701_pythia8
ggZZ weight is=================== (genWeight*crossSection*dataMCWeight*pileupWeight*58800.0/982400.0)*(k_ggZZ)
GluGluToContinToZZTo4mu_13TeV_MCFM701_pythia8 ======== 1.95196375245
GluGluToContinToZZTo2e2mu_13TeV_MCFM701_pythia8
ggZZ weight is=================== (genWeight*crossSection*dataMCWeight*pileupWeight*58800.0/494000.0)*(k_ggZZ)
GluGluToContinToZZTo2e2mu_13TeV_MCFM701_pythia8 ======== 1.33505042643
ZZTo4L_TuneCP5_13TeV_powheg_pythia8
ZZTo4L_TuneCP5_13TeV_powheg_pythia8 ======== 47.468012621
data_13TeV_2017_duplicated_removed
data_13TeV_2017_duplicated_removed ======== 107.0

ZZ Bkg:   51.5316858849
ggZZ Bkg:   4.06367326386
qqZZ Bkg:   47.468012621
Red Bkg:   0.0
Data  :   107.0

==========================================

===========================================================================================
all observables and channels compiled
