[?1034hsamples directory:  /store/user/t2/users/rosedj1/Higgs/HZZ4l/NTuple/Run2/MC2018_M19_Mar12_4l_2018Jets_JER_bestCandLegacy/
TClass::Init:0: RuntimeWarning: no dictionary for class ROOT::TIOFeatures is available
GluGluToContinToZZTo4e_13TeV_MCFM701_pythia8 nevents 977600.0 sumw 977600.0
GluGluToContinToZZTo4mu_13TeV_MCFM701_pythia8 nevents 982400.0 sumw 982400.0
GluGluToContinToZZTo2e2mu_13TeV_MCFM701_pythia8 nevents 494000.0 sumw 494000.0
ZZTo4L_TuneCP5_13TeV_powheg_pythia8 nevents 6689900.0 sumw 6622242.0
data_13TeV_2017_duplicated_removed nevents 0.0 sumw 0.0
results for observable==== mass4l and channel===== 4mu  +++++++++++++++++++++++++++++++++++++++++ 

==========================================
4mu mass4l 105 - 140 GeV
EventCat== -1
GluGluToContinToZZTo4e_13TeV_MCFM701_pythia8
ggZZ weight is=================== (genWeight*crossSection*dataMCWeight*pileupWeight*58800.0/977600.0)*(k_ggZZ)
GluGluToContinToZZTo4e_13TeV_MCFM701_pythia8 ======== 0.0
GluGluToContinToZZTo4mu_13TeV_MCFM701_pythia8
ggZZ weight is=================== (genWeight*crossSection*dataMCWeight*pileupWeight*58800.0/982400.0)*(k_ggZZ)
GluGluToContinToZZTo4mu_13TeV_MCFM701_pythia8 ======== 3.87508104548
GluGluToContinToZZTo2e2mu_13TeV_MCFM701_pythia8
ggZZ weight is=================== (genWeight*crossSection*dataMCWeight*pileupWeight*58800.0/494000.0)*(k_ggZZ)
GluGluToContinToZZTo2e2mu_13TeV_MCFM701_pythia8 ======== 0.0
ZZTo4L_TuneCP5_13TeV_powheg_pythia8
ZZTo4L_TuneCP5_13TeV_powheg_pythia8 ======== 38.4161544445
data_13TeV_2017_duplicated_removed
data_13TeV_2017_duplicated_removed ======== 85.0

ZZ Bkg:   42.29123549
ggZZ Bkg:   3.87508104548
qqZZ Bkg:   38.4161544445
Red Bkg:   12.8790159822
Data  :   85.0

==========================================

results for observable==== mass4l and channel===== 4e  +++++++++++++++++++++++++++++++++++++++++ 

==========================================
4e mass4l 105 - 140 GeV
EventCat== -1
TFile::Append:0: RuntimeWarning: Replacing existing TH1: qqzz (Potential memory leak).
TFile::Append:0: RuntimeWarning: Replacing existing TH1: ggzz (Potential memory leak).
TFile::Append:0: RuntimeWarning: Replacing existing TH1: sig (Potential memory leak).
GluGluToContinToZZTo4e_13TeV_MCFM701_pythia8
ggZZ weight is=================== (genWeight*crossSection*dataMCWeight*pileupWeight*58800.0/977600.0)*(k_ggZZ)
GluGluToContinToZZTo4e_13TeV_MCFM701_pythia8 ======== 1.56173357874
GluGluToContinToZZTo4mu_13TeV_MCFM701_pythia8
ggZZ weight is=================== (genWeight*crossSection*dataMCWeight*pileupWeight*58800.0/982400.0)*(k_ggZZ)
GluGluToContinToZZTo4mu_13TeV_MCFM701_pythia8 ======== 0.0
GluGluToContinToZZTo2e2mu_13TeV_MCFM701_pythia8
ggZZ weight is=================== (genWeight*crossSection*dataMCWeight*pileupWeight*58800.0/494000.0)*(k_ggZZ)
GluGluToContinToZZTo2e2mu_13TeV_MCFM701_pythia8 ======== 0.0
ZZTo4L_TuneCP5_13TeV_powheg_pythia8
ZZTo4L_TuneCP5_13TeV_powheg_pythia8 ======== 13.2337063511
data_13TeV_2017_duplicated_removed
data_13TeV_2017_duplicated_removed ======== 26.0

ZZ Bkg:   14.7954399298
ggZZ Bkg:   1.56173357874
qqZZ Bkg:   13.2337063511
Red Bkg:   5.4391579628
Data  :   26.0

==========================================

results for observable==== mass4l and channel===== 2e2mu  +++++++++++++++++++++++++++++++++++++++++ 

==========================================
2e2mu mass4l 105 - 140 GeV
EventCat== -1
TFile::Append:0: RuntimeWarning: Replacing existing TH1: qqzz (Potential memory leak).
TFile::Append:0: RuntimeWarning: Replacing existing TH1: ggzz (Potential memory leak).
TFile::Append:0: RuntimeWarning: Replacing existing TH1: sig (Potential memory leak).
GluGluToContinToZZTo4e_13TeV_MCFM701_pythia8
ggZZ weight is=================== (genWeight*crossSection*dataMCWeight*pileupWeight*58800.0/977600.0)*(k_ggZZ)
GluGluToContinToZZTo4e_13TeV_MCFM701_pythia8 ======== 0.0
GluGluToContinToZZTo4mu_13TeV_MCFM701_pythia8
ggZZ weight is=================== (genWeight*crossSection*dataMCWeight*pileupWeight*58800.0/982400.0)*(k_ggZZ)
GluGluToContinToZZTo4mu_13TeV_MCFM701_pythia8 ======== 0.0
GluGluToContinToZZTo2e2mu_13TeV_MCFM701_pythia8
ggZZ weight is=================== (genWeight*crossSection*dataMCWeight*pileupWeight*58800.0/494000.0)*(k_ggZZ)
GluGluToContinToZZTo2e2mu_13TeV_MCFM701_pythia8 ======== 2.65243557495
ZZTo4L_TuneCP5_13TeV_powheg_pythia8
ZZTo4L_TuneCP5_13TeV_powheg_pythia8 ======== 43.2894523641
data_13TeV_2017_duplicated_removed
data_13TeV_2017_duplicated_removed ======== 86.0

ZZ Bkg:   45.941887939
ggZZ Bkg:   2.65243557495
qqZZ Bkg:   43.2894523641
Red Bkg:   19.5657358468
Data  :   86.0

==========================================

results for observable==== mass4l and channel===== 4l  +++++++++++++++++++++++++++++++++++++++++ 

==========================================
4l mass4l 105 - 140 GeV
EventCat== -1
TFile::Append:0: RuntimeWarning: Replacing existing TH1: qqzz (Potential memory leak).
TFile::Append:0: RuntimeWarning: Replacing existing TH1: ggzz (Potential memory leak).
TFile::Append:0: RuntimeWarning: Replacing existing TH1: sig (Potential memory leak).
GluGluToContinToZZTo4e_13TeV_MCFM701_pythia8
ggZZ weight is=================== (genWeight*crossSection*dataMCWeight*pileupWeight*58800.0/977600.0)*(k_ggZZ)
GluGluToContinToZZTo4e_13TeV_MCFM701_pythia8 ======== 1.56173357874
GluGluToContinToZZTo4mu_13TeV_MCFM701_pythia8
ggZZ weight is=================== (genWeight*crossSection*dataMCWeight*pileupWeight*58800.0/982400.0)*(k_ggZZ)
GluGluToContinToZZTo4mu_13TeV_MCFM701_pythia8 ======== 3.87508104548
GluGluToContinToZZTo2e2mu_13TeV_MCFM701_pythia8
ggZZ weight is=================== (genWeight*crossSection*dataMCWeight*pileupWeight*58800.0/494000.0)*(k_ggZZ)
GluGluToContinToZZTo2e2mu_13TeV_MCFM701_pythia8 ======== 2.65243557495
ZZTo4L_TuneCP5_13TeV_powheg_pythia8
ZZTo4L_TuneCP5_13TeV_powheg_pythia8 ======== 94.9393131596
data_13TeV_2017_duplicated_removed
data_13TeV_2017_duplicated_removed ======== 197.0

ZZ Bkg:   103.028563359
ggZZ Bkg:   8.08925019918
qqZZ Bkg:   94.9393131596
Red Bkg:   36.3671559095
Data  :   197.0

==========================================

results for observable==== rapidity4l and channel===== 4mu  +++++++++++++++++++++++++++++++++++++++++ 

==========================================
4mu rapidity4l 0 - 2.5 GeV
EventCat== -1
TFile::Append:0: RuntimeWarning: Replacing existing TH1: red_bkg (Potential memory leak).
TFile::Append:0: RuntimeWarning: Replacing existing TH1: qqzz (Potential memory leak).
TFile::Append:0: RuntimeWarning: Replacing existing TH1: ggzz (Potential memory leak).
TFile::Append:0: RuntimeWarning: Replacing existing TH1: sig (Potential memory leak).
GluGluToContinToZZTo4e_13TeV_MCFM701_pythia8
ggZZ weight is=================== (genWeight*crossSection*dataMCWeight*pileupWeight*58800.0/977600.0)*(k_ggZZ)
GluGluToContinToZZTo4e_13TeV_MCFM701_pythia8 ======== 0.0
GluGluToContinToZZTo4mu_13TeV_MCFM701_pythia8
ggZZ weight is=================== (genWeight*crossSection*dataMCWeight*pileupWeight*58800.0/982400.0)*(k_ggZZ)
GluGluToContinToZZTo4mu_13TeV_MCFM701_pythia8 ======== 1.95211449191
GluGluToContinToZZTo2e2mu_13TeV_MCFM701_pythia8
ggZZ weight is=================== (genWeight*crossSection*dataMCWeight*pileupWeight*58800.0/494000.0)*(k_ggZZ)
GluGluToContinToZZTo2e2mu_13TeV_MCFM701_pythia8 ======== 0.0
ZZTo4L_TuneCP5_13TeV_powheg_pythia8
ZZTo4L_TuneCP5_13TeV_powheg_pythia8 ======== 19.6941079313
data_13TeV_2017_duplicated_removed
data_13TeV_2017_duplicated_removed ======== 39.0
Error in <TH1D::FillRandom>: Integral = zero

ZZ Bkg:   21.6462224232
ggZZ Bkg:   1.95211449191
qqZZ Bkg:   19.6941079313
Red Bkg:   0.0
Data  :   39.0

==========================================

results for observable==== rapidity4l and channel===== 4e  +++++++++++++++++++++++++++++++++++++++++ 

==========================================
4e rapidity4l 0 - 2.5 GeV
EventCat== -1
TFile::Append:0: RuntimeWarning: Replacing existing TH1: qqzz (Potential memory leak).
TFile::Append:0: RuntimeWarning: Replacing existing TH1: ggzz (Potential memory leak).
TFile::Append:0: RuntimeWarning: Replacing existing TH1: sig (Potential memory leak).
GluGluToContinToZZTo4e_13TeV_MCFM701_pythia8
ggZZ weight is=================== (genWeight*crossSection*dataMCWeight*pileupWeight*58800.0/977600.0)*(k_ggZZ)
GluGluToContinToZZTo4e_13TeV_MCFM701_pythia8 ======== 0.770426345434
GluGluToContinToZZTo4mu_13TeV_MCFM701_pythia8
ggZZ weight is=================== (genWeight*crossSection*dataMCWeight*pileupWeight*58800.0/982400.0)*(k_ggZZ)
GluGluToContinToZZTo4mu_13TeV_MCFM701_pythia8 ======== 0.0
GluGluToContinToZZTo2e2mu_13TeV_MCFM701_pythia8
ggZZ weight is=================== (genWeight*crossSection*dataMCWeight*pileupWeight*58800.0/494000.0)*(k_ggZZ)
GluGluToContinToZZTo2e2mu_13TeV_MCFM701_pythia8 ======== 0.0
ZZTo4L_TuneCP5_13TeV_powheg_pythia8
ZZTo4L_TuneCP5_13TeV_powheg_pythia8 ======== 6.60282423066
data_13TeV_2017_duplicated_removed
data_13TeV_2017_duplicated_removed ======== 15.0

ZZ Bkg:   7.37325057609
ggZZ Bkg:   0.770426345434
qqZZ Bkg:   6.60282423066
Red Bkg:   0.0
Data  :   15.0

==========================================

results for observable==== rapidity4l and channel===== 2e2mu  +++++++++++++++++++++++++++++++++++++++++ 

==========================================
2e2mu rapidity4l 0 - 2.5 GeV
EventCat== -1
TFile::Append:0: RuntimeWarning: Replacing existing TH1: qqzz (Potential memory leak).
TFile::Append:0: RuntimeWarning: Replacing existing TH1: ggzz (Potential memory leak).
TFile::Append:0: RuntimeWarning: Replacing existing TH1: sig (Potential memory leak).
GluGluToContinToZZTo4e_13TeV_MCFM701_pythia8
ggZZ weight is=================== (genWeight*crossSection*dataMCWeight*pileupWeight*58800.0/977600.0)*(k_ggZZ)
GluGluToContinToZZTo4e_13TeV_MCFM701_pythia8 ======== 0.0
GluGluToContinToZZTo4mu_13TeV_MCFM701_pythia8
ggZZ weight is=================== (genWeight*crossSection*dataMCWeight*pileupWeight*58800.0/982400.0)*(k_ggZZ)
GluGluToContinToZZTo4mu_13TeV_MCFM701_pythia8 ======== 0.0
GluGluToContinToZZTo2e2mu_13TeV_MCFM701_pythia8
ggZZ weight is=================== (genWeight*crossSection*dataMCWeight*pileupWeight*58800.0/494000.0)*(k_ggZZ)
GluGluToContinToZZTo2e2mu_13TeV_MCFM701_pythia8 ======== 1.32146396436
ZZTo4L_TuneCP5_13TeV_powheg_pythia8
ZZTo4L_TuneCP5_13TeV_powheg_pythia8 ======== 21.2891871715
data_13TeV_2017_duplicated_removed
data_13TeV_2017_duplicated_removed ======== 53.0

ZZ Bkg:   22.6106511359
ggZZ Bkg:   1.32146396436
qqZZ Bkg:   21.2891871715
Red Bkg:   0.0
Data  :   53.0

==========================================

results for observable==== rapidity4l and channel===== 4l  +++++++++++++++++++++++++++++++++++++++++ 

==========================================
4l rapidity4l 0 - 2.5 GeV
EventCat== -1
TFile::Append:0: RuntimeWarning: Replacing existing TH1: qqzz (Potential memory leak).
TFile::Append:0: RuntimeWarning: Replacing existing TH1: ggzz (Potential memory leak).
TFile::Append:0: RuntimeWarning: Replacing existing TH1: sig (Potential memory leak).
GluGluToContinToZZTo4e_13TeV_MCFM701_pythia8
ggZZ weight is=================== (genWeight*crossSection*dataMCWeight*pileupWeight*58800.0/977600.0)*(k_ggZZ)
GluGluToContinToZZTo4e_13TeV_MCFM701_pythia8 ======== 0.770426345434
GluGluToContinToZZTo4mu_13TeV_MCFM701_pythia8
ggZZ weight is=================== (genWeight*crossSection*dataMCWeight*pileupWeight*58800.0/982400.0)*(k_ggZZ)
GluGluToContinToZZTo4mu_13TeV_MCFM701_pythia8 ======== 1.95211449191
GluGluToContinToZZTo2e2mu_13TeV_MCFM701_pythia8
ggZZ weight is=================== (genWeight*crossSection*dataMCWeight*pileupWeight*58800.0/494000.0)*(k_ggZZ)
GluGluToContinToZZTo2e2mu_13TeV_MCFM701_pythia8 ======== 1.32146396436
ZZTo4L_TuneCP5_13TeV_powheg_pythia8
ZZTo4L_TuneCP5_13TeV_powheg_pythia8 ======== 47.5861193335
data_13TeV_2017_duplicated_removed
data_13TeV_2017_duplicated_removed ======== 107.0

ZZ Bkg:   51.6301241352
ggZZ Bkg:   4.04400480171
qqZZ Bkg:   47.5861193335
Red Bkg:   0.0
Data  :   107.0

==========================================

results for observable==== pt_leadingjet_pt30_eta2p5 and channel===== 4mu  +++++++++++++++++++++++++++++++++++++++++ 

==========================================
4mu pt_leadingjet_pt30_eta2p5 -2.0 - 13000.0 GeV
EventCat== -1
TFile::Append:0: RuntimeWarning: Replacing existing TH1: qqzz (Potential memory leak).
TFile::Append:0: RuntimeWarning: Replacing existing TH1: ggzz (Potential memory leak).
TFile::Append:0: RuntimeWarning: Replacing existing TH1: sig (Potential memory leak).
GluGluToContinToZZTo4e_13TeV_MCFM701_pythia8
ggZZ weight is=================== (genWeight*crossSection*dataMCWeight*pileupWeight*58800.0/977600.0)*(k_ggZZ)
GluGluToContinToZZTo4e_13TeV_MCFM701_pythia8 ======== 0.0
GluGluToContinToZZTo4mu_13TeV_MCFM701_pythia8
ggZZ weight is=================== (genWeight*crossSection*dataMCWeight*pileupWeight*58800.0/982400.0)*(k_ggZZ)
GluGluToContinToZZTo4mu_13TeV_MCFM701_pythia8 ======== 3.87508104548
GluGluToContinToZZTo2e2mu_13TeV_MCFM701_pythia8
ggZZ weight is=================== (genWeight*crossSection*dataMCWeight*pileupWeight*58800.0/494000.0)*(k_ggZZ)
GluGluToContinToZZTo2e2mu_13TeV_MCFM701_pythia8 ======== 0.0
ZZTo4L_TuneCP5_13TeV_powheg_pythia8
ZZTo4L_TuneCP5_13TeV_powheg_pythia8 ======== 38.4161544445
data_13TeV_2017_duplicated_removed
data_13TeV_2017_duplicated_removed ======== 85.0

ZZ Bkg:   42.29123549
ggZZ Bkg:   3.87508104548
qqZZ Bkg:   38.4161544445
Red Bkg:   34.3999999097
Data  :   85.0

==========================================

results for observable==== pt_leadingjet_pt30_eta2p5 and channel===== 4e  +++++++++++++++++++++++++++++++++++++++++ 

==========================================
4e pt_leadingjet_pt30_eta2p5 -2.0 - 13000.0 GeV
EventCat== -1
TFile::Append:0: RuntimeWarning: Replacing existing TH1: qqzz (Potential memory leak).
TFile::Append:0: RuntimeWarning: Replacing existing TH1: ggzz (Potential memory leak).
TFile::Append:0: RuntimeWarning: Replacing existing TH1: sig (Potential memory leak).
GluGluToContinToZZTo4e_13TeV_MCFM701_pythia8
ggZZ weight is=================== (genWeight*crossSection*dataMCWeight*pileupWeight*58800.0/977600.0)*(k_ggZZ)
GluGluToContinToZZTo4e_13TeV_MCFM701_pythia8 ======== 1.56173357874
GluGluToContinToZZTo4mu_13TeV_MCFM701_pythia8
ggZZ weight is=================== (genWeight*crossSection*dataMCWeight*pileupWeight*58800.0/982400.0)*(k_ggZZ)
GluGluToContinToZZTo4mu_13TeV_MCFM701_pythia8 ======== 0.0
GluGluToContinToZZTo2e2mu_13TeV_MCFM701_pythia8
ggZZ weight is=================== (genWeight*crossSection*dataMCWeight*pileupWeight*58800.0/494000.0)*(k_ggZZ)
GluGluToContinToZZTo2e2mu_13TeV_MCFM701_pythia8 ======== 0.0
ZZTo4L_TuneCP5_13TeV_powheg_pythia8
ZZTo4L_TuneCP5_13TeV_powheg_pythia8 ======== 13.2337063511
data_13TeV_2017_duplicated_removed
data_13TeV_2017_duplicated_removed ======== 26.0

ZZ Bkg:   14.7954399298
ggZZ Bkg:   1.56173357874
qqZZ Bkg:   13.2337063511
Red Bkg:   21.0999999639
Data  :   26.0

==========================================

results for observable==== pt_leadingjet_pt30_eta2p5 and channel===== 2e2mu  +++++++++++++++++++++++++++++++++++++++++ 

==========================================
2e2mu pt_leadingjet_pt30_eta2p5 -2.0 - 13000.0 GeV
EventCat== -1
TFile::Append:0: RuntimeWarning: Replacing existing TH1: qqzz (Potential memory leak).
TFile::Append:0: RuntimeWarning: Replacing existing TH1: ggzz (Potential memory leak).
TFile::Append:0: RuntimeWarning: Replacing existing TH1: sig (Potential memory leak).
GluGluToContinToZZTo4e_13TeV_MCFM701_pythia8
ggZZ weight is=================== (genWeight*crossSection*dataMCWeight*pileupWeight*58800.0/977600.0)*(k_ggZZ)
GluGluToContinToZZTo4e_13TeV_MCFM701_pythia8 ======== 0.0
GluGluToContinToZZTo4mu_13TeV_MCFM701_pythia8
ggZZ weight is=================== (genWeight*crossSection*dataMCWeight*pileupWeight*58800.0/982400.0)*(k_ggZZ)
GluGluToContinToZZTo4mu_13TeV_MCFM701_pythia8 ======== 0.0
GluGluToContinToZZTo2e2mu_13TeV_MCFM701_pythia8
ggZZ weight is=================== (genWeight*crossSection*dataMCWeight*pileupWeight*58800.0/494000.0)*(k_ggZZ)
GluGluToContinToZZTo2e2mu_13TeV_MCFM701_pythia8 ======== 2.65243557495
ZZTo4L_TuneCP5_13TeV_powheg_pythia8
ZZTo4L_TuneCP5_13TeV_powheg_pythia8 ======== 43.2894523641
data_13TeV_2017_duplicated_removed
data_13TeV_2017_duplicated_removed ======== 86.0

ZZ Bkg:   45.941887939
ggZZ Bkg:   2.65243557495
qqZZ Bkg:   43.2894523641
Red Bkg:   59.9000002861
Data  :   86.0

==========================================

results for observable==== pt_leadingjet_pt30_eta2p5 and channel===== 4l  +++++++++++++++++++++++++++++++++++++++++ 

==========================================
4l pt_leadingjet_pt30_eta2p5 -2.0 - 13000.0 GeV
EventCat== -1
TFile::Append:0: RuntimeWarning: Replacing existing TH1: qqzz (Potential memory leak).
TFile::Append:0: RuntimeWarning: Replacing existing TH1: ggzz (Potential memory leak).
TFile::Append:0: RuntimeWarning: Replacing existing TH1: sig (Potential memory leak).
GluGluToContinToZZTo4e_13TeV_MCFM701_pythia8
ggZZ weight is=================== (genWeight*crossSection*dataMCWeight*pileupWeight*58800.0/977600.0)*(k_ggZZ)
GluGluToContinToZZTo4e_13TeV_MCFM701_pythia8 ======== 1.56173357874
GluGluToContinToZZTo4mu_13TeV_MCFM701_pythia8
ggZZ weight is=================== (genWeight*crossSection*dataMCWeight*pileupWeight*58800.0/982400.0)*(k_ggZZ)
GluGluToContinToZZTo4mu_13TeV_MCFM701_pythia8 ======== 3.87508104548
GluGluToContinToZZTo2e2mu_13TeV_MCFM701_pythia8
ggZZ weight is=================== (genWeight*crossSection*dataMCWeight*pileupWeight*58800.0/494000.0)*(k_ggZZ)
GluGluToContinToZZTo2e2mu_13TeV_MCFM701_pythia8 ======== 2.65243557495
ZZTo4L_TuneCP5_13TeV_powheg_pythia8
ZZTo4L_TuneCP5_13TeV_powheg_pythia8 ======== 94.9393131596
data_13TeV_2017_duplicated_removed
data_13TeV_2017_duplicated_removed ======== 197.0

ZZ Bkg:   103.028563359
ggZZ Bkg:   8.08925019918
qqZZ Bkg:   94.9393131596
Red Bkg:   115.400000696
Data  :   197.0

==========================================

===========================================================================================
all observables and channels compiled
